Log file open, 01/14/19 08:21:54
LogWindows: Failed to load 'aqProf.dll' (GetLastError=126)
LogWindows: File 'aqProf.dll' does not exist
LogWindows: Failed to load 'VtuneApi.dll' (GetLastError=126)
LogWindows: File 'VtuneApi.dll' does not exist
LogWindows: Failed to load 'VtuneApi32e.dll' (GetLastError=126)
LogWindows: File 'VtuneApi32e.dll' does not exist
LogInit: Display: Running engine for game: LS_ICWhitebox001
LogPlatformFile: Not using cached read wrapper
LogTaskGraph: Started task graph with 5 named threads and 23 total threads with 3 sets of task threads.
LogStats: Stats thread started at 0.276975
LogD3D11RHI: Loaded GFSDK_Aftermath_Lib.x64.dll
LogICUInternationalization: Display: ICU TimeZone Detection - Raw Offset: -7:00, Platform Override: ''
LogPluginManager: Mounting plugin Paper2D
LogPluginManager: Mounting plugin AISupport
LogPluginManager: Mounting plugin LightPropagationVolume
LogPluginManager: Mounting plugin CLionSourceCodeAccess
LogPluginManager: Mounting plugin CodeLiteSourceCodeAccess
LogPluginManager: Mounting plugin GitSourceControl
LogPluginManager: Mounting plugin KDevelopSourceCodeAccess
LogPluginManager: Mounting plugin NullSourceCodeAccess
LogPluginManager: Mounting plugin PerforceSourceControl
LogPluginManager: Mounting plugin SubversionSourceControl
LogPluginManager: Mounting plugin UObjectPlugin
LogPluginManager: Mounting plugin VisualStudioCodeSourceCodeAccess
LogPluginManager: Mounting plugin VisualStudioSourceCodeAccess
LogPluginManager: Mounting plugin XCodeSourceCodeAccess
LogPluginManager: Mounting plugin AssetManagerEditor
LogPluginManager: Mounting plugin CryptoKeys
LogPluginManager: Mounting plugin DataValidation
LogPluginManager: Mounting plugin FacialAnimation
LogPluginManager: Mounting plugin GameplayTagsEditor
LogPluginManager: Mounting plugin MacGraphicsSwitching
LogPluginManager: Mounting plugin MeshEditor
LogPluginManager: Mounting plugin MobileLauncherProfileWizard
LogPluginManager: Mounting plugin PluginBrowser
LogPluginManager: Mounting plugin SpeedTreeImporter
LogPluginManager: Mounting plugin DatasmithContent
LogPluginManager: Mounting plugin AlembicImporter
LogPluginManager: Mounting plugin AppleImageUtils
LogPluginManager: Mounting plugin AppleVision
LogPluginManager: Mounting plugin BackChannel
LogPluginManager: Mounting plugin CharacterAI
LogPluginManager: Mounting plugin GeometryCache
LogPluginManager: Mounting plugin HTML5Networking
LogPluginManager: Mounting plugin ProxyLODPlugin
LogPluginManager: Mounting plugin MagicLeap
LogPluginManager: Mounting plugin MagicLeapEmulator
LogPluginManager: Mounting plugin MagicLeapMedia
LogPluginManager: Mounting plugin AndroidMedia
LogPluginManager: Mounting plugin AvfMedia
LogPluginManager: Mounting plugin ImgMedia
LogPluginManager: Mounting plugin LinearTimecode
LogPluginManager: Mounting plugin MediaCompositing
LogPluginManager: Mounting plugin MediaPlayerEditor
LogPluginManager: Mounting plugin WmfMedia
LogPluginManager: Mounting plugin TcpMessaging
LogPluginManager: Mounting plugin UdpMessaging
LogPluginManager: Mounting plugin ActorSequence
LogPluginManager: Mounting plugin LevelSequenceEditor
LogPluginManager: Mounting plugin MatineeToLevelSequence
LogPluginManager: Mounting plugin NetcodeUnitTest
LogPluginManager: Mounting plugin NUTUnrealEngine4
LogPluginManager: Mounting plugin OnlineSubsystemGooglePlay
LogPluginManager: Mounting plugin OnlineSubsystemIOS
LogPluginManager: Mounting plugin OnlineSubsystem
LogPluginManager: Mounting plugin OnlineSubsystemNull
LogPluginManager: Mounting plugin OnlineSubsystemUtils
LogPluginManager: Mounting plugin LauncherChunkInstaller
LogPluginManager: Mounting plugin AndroidDeviceProfileSelector
LogPluginManager: Mounting plugin AndroidMoviePlayer
LogPluginManager: Mounting plugin AndroidPermission
LogPluginManager: Mounting plugin AppleMoviePlayer
LogPluginManager: Mounting plugin ArchVisCharacter
LogPluginManager: Mounting plugin AudioCapture
LogPluginManager: Mounting plugin CableComponent
LogPluginManager: Mounting plugin CustomMeshComponent
LogPluginManager: Mounting plugin EditableMesh
LogPluginManager: Mounting plugin ExampleDeviceProfileSelector
LogPluginManager: Mounting plugin GoogleCloudMessaging
LogPluginManager: Mounting plugin ImmediatePhysics
LogPluginManager: Mounting plugin IOSDeviceProfileSelector
LogPluginManager: Mounting plugin LinuxDeviceProfileSelector
LogPluginManager: Mounting plugin LocationServicesBPLibrary
LogPluginManager: Mounting plugin MobilePatchingUtils
LogPluginManager: Mounting plugin OculusVR
LogPluginManager: Plugin shader directory ../../../Engine/Plugins/Runtime/Oculus/OculusVR/Shaders found
LogPluginManager: Mapping shader source directory ../../../Engine/Plugins/Runtime/Oculus/OculusVR/Shaders to virtual directory /Plugin/OculusVR
LogPluginManager: Mounting plugin PhysXVehicles
LogPluginManager: Mounting plugin ProceduralMeshComponent
LogPluginManager: Mounting plugin RuntimePhysXCooking
LogPluginManager: Mounting plugin SteamVR
LogPluginManager: Mounting plugin WindowsMoviePlayer
LogStreaming: Display: Took  0.099s to configure plugins.
LogInit: Using libcurl 7.55.1-DEV
LogInit:  - built for x86_64-pc-win32
LogInit:  - supports SSL with OpenSSL/1.0.2h
LogInit:  - supports HTTP deflate (compression) using libz 1.2.8
LogInit:  - other features:
LogInit:      CURL_VERSION_SSL
LogInit:      CURL_VERSION_LIBZ
LogInit:      CURL_VERSION_IPV6
LogInit:      CURL_VERSION_ASYNCHDNS
LogInit:      CURL_VERSION_LARGEFILE
LogInit:      CURL_VERSION_IDN
LogInit:  CurlRequestOptions (configurable via config and command line):
LogInit:  - bVerifyPeer = false  - Libcurl will NOT verify peer certificate
LogInit:  - bUseHttpProxy = false  - Libcurl will NOT use HTTP proxy
LogInit:  - bDontReuseConnections = false  - Libcurl will reuse connections
LogInit:  - CertBundlePath = nullptr  - Libcurl will use whatever was configured at build time.
LogInit:  - MaxHostConnections = 16  - Libcurl will limit the number of connections to a host
LogInit:  - LocalHostAddr = Default
LogInit:  - BufferSize = 65536
LogInit: WinSock: version 1.1 (2.2), MaxSocks=32767, MaxUdp=65467
LogInit: Build: ++UE4+Release-4.20-CL-4369336
LogInit: Engine Version: 4.20.3-4369336+++UE4+Release-4.20
LogInit: Compatible Engine Version: 4.20.0-4212847+++UE4+Release-4.20
LogInit: Net CL: 4212847
LogInit: OS: Windows 10 (), CPU: Intel(R) Core(TM) i7-8809G CPU @ 3.10GHz, GPU: Radeon RX Vega M GH Graphics
LogInit: Compiled (64-bit): Sep 17 2018 12:26:19
LogInit: Compiled with Visual C++: 19.13.26129.00
LogInit: Build Configuration: Development
LogInit: Branch Name: ++UE4+Release-4.20
LogInit: Command Line: -EpicPortal  -epicusername="ThePoet201202" -epicuserid=318f51f9dfab4f0982a8f6966176573e -epiclocale=en-US
LogInit: Base Directory: C:/Program Files/Epic Games/UE_4.20/Engine/Binaries/Win64/
LogInit: Installed Engine Build: 1
LogDevObjectVersion: Number of dev versions registered: 20
LogDevObjectVersion:   Dev-Blueprints (B0D832E4-1F89-4F0D-ACCF-7EB736FD4AA2): 10
LogDevObjectVersion:   Dev-Build (E1C64328-A22C-4D53-A36C-8E866417BD8C): 0
LogDevObjectVersion:   Dev-Core (375EC13C-06E4-48FB-B500-84F0262A717E): 2
LogDevObjectVersion:   Dev-Editor (E4B068ED-F494-42E9-A231-DA0B2E46BB41): 24
LogDevObjectVersion:   Dev-Framework (CFFC743F-43B0-4480-9391-14DF171D2073): 34
LogDevObjectVersion:   Dev-Mobile (B02B49B5-BB20-44E9-A304-32B752E40360): 2
LogDevObjectVersion:   Dev-Networking (A4E4105C-59A1-49B5-A7C5-40C4547EDFEE): 0
LogDevObjectVersion:   Dev-Online (39C831C9-5AE6-47DC-9A44-9C173E1C8E7C): 0
LogDevObjectVersion:   Dev-Physics (78F01B33-EBEA-4F98-B9B4-84EACCB95AA2): 0
LogDevObjectVersion:   Dev-Platform (6631380F-2D4D-43E0-8009-CF276956A95A): 0
LogDevObjectVersion:   Dev-Rendering (12F88B9F-8875-4AFC-A67C-D90C383ABD29): 26
LogDevObjectVersion:   Dev-Sequencer (7B5AE74C-D270-4C10-A958-57980B212A5A): 9
LogDevObjectVersion:   Dev-VR (D7296918-1DD6-4BDD-9DE2-64A83CC13884): 2
LogDevObjectVersion:   Dev-LoadTimes (C2A15278-BFE7-4AFE-6C17-90FF531DF755): 1
LogDevObjectVersion:   Private-Geometry (6EACA3D4-40EC-4CC1-B786-8BED09428FC5): 3
LogDevObjectVersion:   Dev-AnimPhys (29E575DD-E0A3-4627-9D10-D276232CDCEA): 17
LogDevObjectVersion:   Dev-ReflectionCapture (6B266CEC-1EC7-4B8F-A30B-E4D90942FC07): 1
LogDevObjectVersion:   Dev-Automation (0DF73D61-A23F-47EA-B727-89E90C41499A): 1
LogDevObjectVersion:   FortniteMain (601D1886-AC64-4F84-AA16-D3DE0DEAC7D6): 12
LogDevObjectVersion:   Dev-Enterprise (9DFFBCD6-494F-0158-E221-12823C92A888): 1
LogStreaming: Display: Took  0.000s to delete old logs.
LogInit: Presizing for max 8388607 objects, including 0 objects not considered by GC, pre-allocating 0 bytes for permanent pool.
LogInit: Object subsystem initialized
[2019.01.14-15.21.54:418][  0]LogInit: Selected Device Profile: [Windows]
[2019.01.14-15.21.54:418][  0]LogInit: Applying CVar settings loaded from the selected device profile: [Windows]
[2019.01.14-15.21.54:430][  0]LogHAL: Display: Platform has ~ 16 GB [17095360512 / 17179869184 / 16], which maps to Larger [LargestMinGB=32, LargerMinGB=12, DefaultMinGB=8, SmallerMinGB=6, SmallestMinGB=0)
[2019.01.14-15.21.54:430][  0]LogInit: Setting Device Profile CVar: [[r.Vulkan.UseRealUBs:1]]
[2019.01.14-15.21.54:430][  0]LogInit: Going up to parent DeviceProfile []
[2019.01.14-15.21.54:430][  0]LogInit: Computer: eae-n-025
[2019.01.14-15.21.54:430][  0]LogInit: User: u1047856
[2019.01.14-15.21.54:430][  0]LogInit: CPU Page size=4096, Cores=4
[2019.01.14-15.21.54:430][  0]LogInit: High frequency timer resolution =3.023436 MHz
[2019.01.14-15.21.54:431][  0]LogMemory: Memory total: Physical=15.9GB (16GB approx)
[2019.01.14-15.21.54:431][  0]LogMemory: Platform Memory Stats for Windows
[2019.01.14-15.21.54:431][  0]LogMemory: Process Physical Memory: 100.84 MB used, 100.84 MB peak
[2019.01.14-15.21.54:431][  0]LogMemory: Process Virtual Memory: 89.55 MB used, 89.55 MB peak
[2019.01.14-15.21.54:431][  0]LogMemory: Physical Memory: 7737.26 MB used,  8566.15 MB free, 16303.41 MB total
[2019.01.14-15.21.54:431][  0]LogMemory: Virtual Memory: 4639.15 MB used,  8566.15 MB free, 134217728.00 MB total
[2019.01.14-15.21.54:445][  0]LogInit: Using OS detected language (en-US).
[2019.01.14-15.21.54:445][  0]LogInit: Using OS detected locale (en-US).
[2019.01.14-15.21.54:446][  0]LogTextLocalizationManager: No specific localization for 'en-US' exists, so the 'en' localization will be used.
[2019.01.14-15.21.54:778][  0]LogStreaming: Display: Took  0.333s to InitEngineTextLocalization.
[2019.01.14-15.21.54:778][  0]LogInit: Setting process to per monitor DPI aware
[2019.01.14-15.21.54:825][  0]LogSlate: New Slate User Created.  User Index 0, Is Virtual User: 0
[2019.01.14-15.21.54:825][  0]LogSlate: Slate User Registered.  User Index 0, Is Virtual User: 0
[2019.01.14-15.21.55:005][  0]LogHMD: Failed to initialize OpenVR with code 110
[2019.01.14-15.21.55:005][  0]LogD3D11RHI: D3D11 adapters:
[2019.01.14-15.21.55:050][  0]LogD3D11RHI:    0. 'Radeon RX Vega M GH Graphics' (Feature Level 11_0)
[2019.01.14-15.21.55:050][  0]LogD3D11RHI:       4042/0/8151 MB DedicatedVideo/DedicatedSystem/SharedSystem, Outputs:2, VendorId:0x1002
[2019.01.14-15.21.55:063][  0]LogD3D11RHI:    1. 'Intel(R) HD Graphics 630' (Feature Level 11_0)
[2019.01.14-15.21.55:063][  0]LogD3D11RHI:       128/0/8151 MB DedicatedVideo/DedicatedSystem/SharedSystem, Outputs:0, VendorId:0x8086
[2019.01.14-15.21.55:064][  0]LogD3D11RHI:    2. 'Microsoft Basic Render Driver' (Feature Level 11_0)
[2019.01.14-15.21.55:064][  0]LogD3D11RHI:       0/0/8151 MB DedicatedVideo/DedicatedSystem/SharedSystem, Outputs:0, VendorId:0x1414
[2019.01.14-15.21.55:064][  0]LogD3D11RHI: Chosen D3D11 Adapter: 0
[2019.01.14-15.21.55:074][  0]LogD3D11RHI: Creating new Direct3DDevice
[2019.01.14-15.21.55:074][  0]LogD3D11RHI:     GPU DeviceId: 0x694c (for the marketing name, search the web for "GPU Device Id")
[2019.01.14-15.21.55:074][  0]LogWindows: EnumDisplayDevices:
[2019.01.14-15.21.55:074][  0]LogWindows:    0. 'Radeon RX Vega M GH Graphics' (P:1 D:1)
[2019.01.14-15.21.55:074][  0]LogWindows:    1. 'Radeon RX Vega M GH Graphics' (P:0 D:1)
[2019.01.14-15.21.55:074][  0]LogWindows:    2. 'Radeon RX Vega M GH Graphics' (P:0 D:0)
[2019.01.14-15.21.55:075][  0]LogWindows:    3. 'Radeon RX Vega M GH Graphics' (P:0 D:0)
[2019.01.14-15.21.55:075][  0]LogWindows:    4. 'Radeon RX Vega M GH Graphics' (P:0 D:0)
[2019.01.14-15.21.55:075][  0]LogWindows:    5. 'Radeon RX Vega M GH Graphics' (P:0 D:0)
[2019.01.14-15.21.55:075][  0]LogWindows:    6. 'Radeon RX Vega M GH Graphics' (P:0 D:0)
[2019.01.14-15.21.55:076][  0]LogWindows:    7. 'Intel(R) HD Graphics 630' (P:0 D:0)
[2019.01.14-15.21.55:076][  0]LogWindows:    8. 'Intel(R) HD Graphics 630' (P:0 D:0)
[2019.01.14-15.21.55:076][  0]LogWindows: DebugString: PrimaryIsNotTheChoosenAdapter PrimaryIsNotTheChoosenAdapter FoundDriverCount:7 
[2019.01.14-15.21.55:076][  0]LogD3D11RHI:     Adapter Name: Radeon RX Vega M GH Graphics
[2019.01.14-15.21.55:076][  0]LogD3D11RHI:   Driver Version: Adrenalin 18.9.1 (internal:24.20.11026.2001, unified:24.20.11026.2001)
[2019.01.14-15.21.55:076][  0]LogD3D11RHI:      Driver Date: 8-30-2018
[2019.01.14-15.21.55:076][  0]LogRHI: Texture pool is 2829 MB (70% of 4042 MB)
[2019.01.14-15.21.55:155][  0]LogD3D11RHI: Async texture creation enabled
[2019.01.14-15.21.55:165][  0]LogD3D11RHI: GPU Timing Frequency: 25.000000 (Debug: 2 1)
[2019.01.14-15.21.55:167][  0]LogShaderCompilers: Guid format shader working directory is -35 characters bigger than the processId version (../../../../../../Users/u1047856/Documents/GitHub/LS_AssetPipeline/LS_ICWhitebox001/Intermediate/Shaders/WorkingDirectory/10380/).
[2019.01.14-15.21.55:167][  0]LogShaderCompilers: Cleaned the shader compiler working directory 'C:/Users/u1047856/AppData/Local/Temp/UnrealShaderWorkingDir/60E0D245486DF7E877343D9CE9405EAC/'.
[2019.01.14-15.21.55:414][  0]LogTemp: Display: Loaded TP AllDesktopTargetPlatform
[2019.01.14-15.21.55:426][  0]LogTemp: Display: Loaded TP MacClientTargetPlatform
[2019.01.14-15.21.55:438][  0]LogTemp: Display: Loaded TP MacNoEditorTargetPlatform
[2019.01.14-15.21.55:450][  0]LogTemp: Display: Loaded TP MacServerTargetPlatform
[2019.01.14-15.21.55:462][  0]LogTemp: Display: Loaded TP MacTargetPlatform
[2019.01.14-15.21.55:478][  0]LogTemp: Display: Loaded TP WindowsClientTargetPlatform
[2019.01.14-15.21.55:490][  0]LogTemp: Display: Loaded TP WindowsNoEditorTargetPlatform
[2019.01.14-15.21.55:501][  0]LogTemp: Display: Loaded TP WindowsServerTargetPlatform
[2019.01.14-15.21.55:507][  0]LogTemp: Display: Loaded TP WindowsTargetPlatform
[2019.01.14-15.21.55:572][  0]LogTemp: Display: Loaded TP AndroidTargetPlatform
[2019.01.14-15.21.55:572][  0]LogTemp: Display: Loaded TP AndroidTargetPlatform
[2019.01.14-15.21.55:572][  0]LogTemp: Display: Loaded TP AndroidTargetPlatform
[2019.01.14-15.21.55:572][  0]LogTemp: Display: Loaded TP AndroidTargetPlatform
[2019.01.14-15.21.55:572][  0]LogTemp: Display: Loaded TP AndroidTargetPlatform
[2019.01.14-15.21.55:572][  0]LogTemp: Display: Loaded TP AndroidTargetPlatform
[2019.01.14-15.21.55:572][  0]LogTemp: Display: Loaded TP AndroidTargetPlatform
[2019.01.14-15.21.55:572][  0]LogTemp: Display: Loaded TP AndroidTargetPlatform
[2019.01.14-15.21.55:572][  0]LogTemp: Display: Loaded TP AndroidTargetPlatform
[2019.01.14-15.21.55:572][  0]LogTemp: Display: Loaded TP AndroidTargetPlatform
[2019.01.14-15.21.55:572][  0]LogTemp: Display: Loaded TP AndroidTargetPlatform
[2019.01.14-15.21.55:572][  0]LogTemp: Display: Loaded TP AndroidTargetPlatform
[2019.01.14-15.21.55:572][  0]LogTemp: Display: Loaded TP AndroidTargetPlatform
[2019.01.14-15.21.55:572][  0]LogTemp: Display: Loaded TP AndroidTargetPlatform
[2019.01.14-15.21.55:572][  0]LogTemp: Display: Loaded TP AndroidTargetPlatform
[2019.01.14-15.21.55:572][  0]LogTemp: Display: Loaded TP AndroidTargetPlatform
[2019.01.14-15.21.55:572][  0]LogTemp: Display: Loaded TP AndroidTargetPlatform
[2019.01.14-15.21.55:572][  0]LogTemp: Display: Loaded TP AndroidTargetPlatform
[2019.01.14-15.21.55:574][  0]LogTemp: Display: Loaded TP HTML5TargetPlatform
[2019.01.14-15.21.55:630][  0]LogTemp: Display: Loaded TP IOSTargetPlatform
[2019.01.14-15.21.55:630][  0]LogTemp: Display: Loaded TP IOSTargetPlatform
[2019.01.14-15.21.55:649][  0]LogTemp: Display: Loaded TP TVOSTargetPlatform
[2019.01.14-15.21.55:650][  0]LogTemp: Display: Loaded TP TVOSTargetPlatform
[2019.01.14-15.21.55:660][  0]LogTemp: Display: Loaded TP LinuxClientTargetPlatform
[2019.01.14-15.21.55:670][  0]LogTemp: Display: Loaded TP LinuxNoEditorTargetPlatform
[2019.01.14-15.21.55:680][  0]LogTemp: Display: Loaded TP LinuxServerTargetPlatform
[2019.01.14-15.21.55:691][  0]LogTemp: Display: Loaded TP LinuxTargetPlatform
[2019.01.14-15.21.55:699][  0]LogTemp: Display: Loaded TP LuminTargetPlatform
[2019.01.14-15.21.55:699][  0]LogTargetPlatformManager: Display: Building Assets For Windows
[2019.01.14-15.21.55:762][  0]LogXGEController: Cannot use XGE Controller as Incredibuild is not installed on this machine.
[2019.01.14-15.21.55:762][  0]LogShaderCompilers: Cannot use XGE Shader Compiler as Incredibuild is not installed on this machine.
[2019.01.14-15.21.55:762][  0]LogShaderCompilers: Display: Using Local Shader Compiler.
[2019.01.14-15.21.56:383][  0]LogDerivedDataCache: Display: Max Cache Size: 512 MB
[2019.01.14-15.21.56:437][  0]LogDerivedDataCache: Loaded boot cache 0.05s 71MB C:/Users/u1047856/AppData/Local/UnrealEngine/4.20/DerivedDataCache/Boot.ddc.
[2019.01.14-15.21.56:438][  0]LogDerivedDataCache: Display: Loaded Boot cache: C:/Users/u1047856/AppData/Local/UnrealEngine/4.20/DerivedDataCache/Boot.ddc
[2019.01.14-15.21.56:438][  0]LogDerivedDataCache: FDerivedDataBackendGraph:  Pak pak cache file ../../../../../../Users/u1047856/Documents/GitHub/LS_AssetPipeline/LS_ICWhitebox001/DerivedDataCache/DDC.ddp not found, will not use a pak cache.
[2019.01.14-15.21.56:438][  0]LogDerivedDataCache: Unable to find inner node Pak for hierarchical cache Hierarchy.
[2019.01.14-15.21.56:438][  0]LogDerivedDataCache: FDerivedDataBackendGraph:  CompressedPak pak cache file ../../../../../../Users/u1047856/Documents/GitHub/LS_AssetPipeline/LS_ICWhitebox001/DerivedDataCache/Compressed.ddp not found, will not use a pak cache.
[2019.01.14-15.21.56:438][  0]LogDerivedDataCache: Unable to find inner node CompressedPak for hierarchical cache Hierarchy.
[2019.01.14-15.21.56:449][  0]LogDerivedDataCache: Display: Pak cache opened for reading ../../../Engine/DerivedDataCache/Compressed.ddp.
[2019.01.14-15.21.56:461][  0]LogDerivedDataCache: Using Local data cache path C:/Users/u1047856/AppData/Local/UnrealEngine/Common/DerivedDataCache: Writable
[2019.01.14-15.21.56:461][  0]LogDerivedDataCache: Shared data cache path not found in *engine.ini, will not use an Shared cache.
[2019.01.14-15.21.56:461][  0]LogDerivedDataCache: Unable to find inner node Shared for hierarchical cache Hierarchy.
[2019.01.14-15.21.56:476][  0]LogMaterial: Verifying Global Shaders for PCD3D_SM5
[2019.01.14-15.21.56:477][  0]LogSlate: Using FreeType 2.6.0
[2019.01.14-15.21.56:478][  0]LogSlate: SlateFontServices - WITH_FREETYPE: 1, WITH_HARFBUZZ: 1
[2019.01.14-15.21.56:543][  0]LogAssetRegistry: FAssetRegistry took 0.0255 seconds to start up
[2019.01.14-15.21.56:826][  0]LogInit: Selected Device Profile: [Windows]
[2019.01.14-15.21.56:948][  0]LogSimplygon: Simplygon DLL not present - disabling.
[2019.01.14-15.21.56:952][  0]LogMeshReduction: Using SimplygonSwarm for distributed automatic mesh merging
[2019.01.14-15.21.56:952][  0]LogMeshReduction: Using ProxyLODMeshReduction for automatic mesh merging
[2019.01.14-15.21.56:952][  0]LogMeshReduction: Using QuadricMeshReduction for automatic static mesh reduction
[2019.01.14-15.21.56:952][  0]LogMeshReduction: No automatic skeletal mesh reduction module available
[2019.01.14-15.21.56:970][  0]LogNetVersion: LS_ICWhitebox001 1.0.0, NetCL: 4212847, EngineNetVer: 5, GameNetVer: 0 (Checksum: 2089255751)
[2019.01.14-15.21.57:485][  0]LogPackageLocalizationCache: Processed 11 localized package path(s) for 2 prioritized culture(s) in 0.103064 seconds
[2019.01.14-15.21.57:491][  0]LogUObjectArray: 38425 objects as part of root set at end of initial load.
[2019.01.14-15.21.57:491][  0]LogUObjectAllocator: 6690864 out of 0 bytes used by permanent object pool.
[2019.01.14-15.21.57:491][  0]LogUObjectArray: CloseDisregardForGC: 0/0 objects in disregard for GC pool
[2019.01.14-15.21.58:285][  0]LogTcpMessaging: Initializing TcpMessaging bridge
[2019.01.14-15.21.58:311][  0]LogUdpMessaging: Initializing bridge on interface 0.0.0.0:0 to multicast group 230.0.0.1:6666.
[2019.01.14-15.21.58:451][  0]SourceControl: Source control is disabled
[2019.01.14-15.21.58:451][  0]SourceControl: Source control is disabled
[2019.01.14-15.21.58:452][  0]SourceControl: Source control is disabled
[2019.01.14-15.21.58:453][  0]SourceControl: Source control is disabled
[2019.01.14-15.21.58:613][  0]LogAndroidPermission: UAndroidPermissionCallbackProxy::GetInstance
[2019.01.14-15.21.58:706][  0]LogOcInput: OculusInput pre-init called
[2019.01.14-15.21.58:766][  0]LogEngine: Initializing Engine...
[2019.01.14-15.21.58:767][  0]LogHMD: Failed to initialize OpenVR with code 110
[2019.01.14-15.21.58:768][  0]LogStats: UGameplayTagsManager::ConstructGameplayTagTree: ImportINI prefixes -  0.000 s
[2019.01.14-15.21.58:768][  0]LogStats: UGameplayTagsManager::ConstructGameplayTagTree: Construct from data asset -  0.000 s
[2019.01.14-15.21.58:768][  0]LogStats: UGameplayTagsManager::ConstructGameplayTagTree: ImportINI -  0.000 s
[2019.01.14-15.21.58:768][  0]LogStats: UGameplayTagsManager::ConstructGameplayTagTree: GameplayTagTreeChangedEvent.Broadcast -  0.000 s
[2019.01.14-15.21.58:968][  0]LogInit: Initializing FReadOnlyCVARCache
[2019.01.14-15.21.58:985][  0]LogAIModule: Creating AISystem for world Untitled
[2019.01.14-15.21.59:019][  0]LogInit: XAudio2 using '4 - CintiqPro24P (AMD High Definition Audio Device)' : 2 channels at 48 kHz using 16 bits per sample (channel mask 0x3)
[2019.01.14-15.21.59:046][  0]LogInit: FAudioDevice initialized.
[2019.01.14-15.21.59:046][  0]LogNetVersion: Set ProjectVersion to 1.0.0.0. Version Checksum will be recalculated on next use.
[2019.01.14-15.21.59:128][  0]LogDerivedDataCache: Saved boot cache 0.08s 71MB C:/Users/u1047856/AppData/Local/UnrealEngine/4.20/DerivedDataCache/Boot.ddc.
[2019.01.14-15.21.59:137][  0]LogInit: Texture streaming: Enabled
[2019.01.14-15.21.59:158][  0]LogEngineSessionManager: EngineSessionManager initialized
[2019.01.14-15.21.59:177][  0]LogInit: Transaction tracking system initialized
[2019.01.14-15.21.59:208][  0]BlueprintLog: New page: Editor Load
[2019.01.14-15.21.59:381][  0]LocalizationService: Localization service is disabled
[2019.01.14-15.21.59:648][  0]LogFileCache: Scanning file cache for directory 'C:/Users/u1047856/Documents/GitHub/LS_AssetPipeline/LS_ICWhitebox001/Content/' took 0.01s
[2019.01.14-15.21.59:648][  0]LogCook: Display: Max memory allowance for cook 16384mb min free memory 0mb
[2019.01.14-15.21.59:648][  0]LogCook: Display: Mobile HDR setting 1
[2019.01.14-15.21.59:649][  0]LogGameplayTags: Display: UGameplayTagsManager::DoneAddingNativeTags. DelegateIsBound: 0
[2019.01.14-15.21.59:649][  0]LogStats: UGameplayTagsManager::ConstructGameplayTagTree: ImportINI prefixes -  0.000 s
[2019.01.14-15.21.59:649][  0]LogStats: UGameplayTagsManager::ConstructGameplayTagTree: Construct from data asset -  0.000 s
[2019.01.14-15.21.59:649][  0]LogStats: UGameplayTagsManager::ConstructGameplayTagTree: ImportINI -  0.000 s
[2019.01.14-15.21.59:649][  0]LogStats: UGameplayTagsManager::ConstructGameplayTagTree: GameplayTagTreeChangedEvent.Broadcast -  0.000 s
[2019.01.14-15.21.59:786][  0]SourceControl: Source control is disabled
[2019.01.14-15.21.59:786][  0]Cmd: MAP LOAD FILE="../../../Engine/Content/Maps/Templates/Template_Default.umap" TEMPLATE=1 SHOWPROGRESS=1 FEATURELEVEL=3
[2019.01.14-15.21.59:786][  0]LightingResults: New page: Lighting Build
[2019.01.14-15.21.59:790][  0]MapCheck: New page: Map Check
[2019.01.14-15.21.59:790][  0]LightingResults: New page: Lighting Build
[2019.01.14-15.21.59:972][  0]LogAIModule: Creating AISystem for world Untitled_1
[2019.01.14-15.21.59:978][  0]LogEditorServer: Finished looking for orphan Actors (0.000 secs)
[2019.01.14-15.22.00:000][  0]Cmd: MAP CHECKDEP NOCLEARLOG
[2019.01.14-15.22.00:066][  0]MapCheck: Map check complete: 0 Error(s), 0 Warning(s), took 65.698ms to complete.
[2019.01.14-15.22.00:066][  0]LogFileHelpers: Loading map 'Template_Default' took 0.280
[2019.01.14-15.22.00:231][  0]LogSlate: Updating window title bar state: overlay mode, drag disabled, window buttons hidden, title bar hidden
[2019.01.14-15.22.00:241][  0]LogSlate: Updating window title bar state: overlay mode, drag disabled, window buttons hidden, title bar hidden
[2019.01.14-15.22.00:248][  0]LogSlate: Updating window title bar state: overlay mode, drag disabled, window buttons hidden, title bar hidden
[2019.01.14-15.22.00:254][  0]LogSlate: Updating window title bar state: overlay mode, drag disabled, window buttons hidden, title bar hidden
[2019.01.14-15.22.00:272][  0]LogCollectionManager: Loaded 0 collections in 0.001763 seconds
[2019.01.14-15.22.00:344][  0]LogFileCache: Scanning file cache for directory 'C:/Users/u1047856/Documents/GitHub/LS_AssetPipeline/LS_ICWhitebox001/Saved/Collections/' took 0.01s
[2019.01.14-15.22.00:345][  0]LogFileCache: Scanning file cache for directory 'C:/Users/u1047856/Documents/GitHub/LS_AssetPipeline/LS_ICWhitebox001/Content/Developers/u1047856/Collections/' took 0.01s
[2019.01.14-15.22.00:345][  0]LogFileCache: Scanning file cache for directory 'C:/Users/u1047856/Documents/GitHub/LS_AssetPipeline/LS_ICWhitebox001/Content/Collections/' took 0.01s
[2019.01.14-15.22.00:345][  0]LogCollectionManager: Rebuilt the GUID cache for 0 collections in 0.000001 seconds
[2019.01.14-15.22.00:356][  0]LogContentBrowser: Native class hierarchy populated in 0.0096 seconds. Added 2572 classes and 603 folders.
[2019.01.14-15.22.00:376][  0]LogContentBrowser: Native class hierarchy updated for 'WidgetCarousel' in 0.0002 seconds. Added 0 classes and 0 folders.
[2019.01.14-15.22.00:814][  0]LogContentBrowser: Native class hierarchy updated for 'AddContentDialog' in 0.0003 seconds. Added 0 classes and 0 folders.
[2019.01.14-15.22.00:829][  0]LogContentBrowser: Native class hierarchy updated for 'SceneOutliner' in 0.0002 seconds. Added 1 classes and 2 folders.
[2019.01.14-15.22.00:904][  0]LogSlate: Took 0.000291 seconds to synchronously load lazily loaded font '../../../Engine/Content/Slate/Fonts/Roboto-Regular.ttf' (155K)
[2019.01.14-15.22.00:906][  0]LogSlate: Took 0.000151 seconds to synchronously load lazily loaded font '../../../Engine/Content/Slate/Fonts/Roboto-Bold.ttf' (160K)
[2019.01.14-15.22.00:922][  0]LogSlate: Took 0.007482 seconds to synchronously load lazily loaded font '../../../Engine/Content/Editor/Slate/Fonts/FontAwesome.ttf' (139K)
[2019.01.14-15.22.01:044][  0]LogRenderer: Reallocating scene render targets to support 1208x576 Format 10 NumSamples 1 (Frame:1).
[2019.01.14-15.22.01:265][  0]LogContentBrowser: Native class hierarchy updated for 'HierarchicalLODOutliner' in 0.0002 seconds. Added 0 classes and 0 folders.
[2019.01.14-15.22.01:265][  0]LogLoad: (Engine Initialization) Total time: 8.62 seconds
[2019.01.14-15.22.01:265][  0]LogLoad: (Engine Initialization) Total Blueprint compile time: 0.00 seconds
[2019.01.14-15.22.01:277][  0]LogWindowsTextInputMethodSystem: Display: IME system now deactivated.
[2019.01.14-15.22.01:300][  0]LogContentStreaming: Texture pool size now 1000 MB
[2019.01.14-15.22.06:370][599]LogAssetRegistry: Asset discovery search completed in 9.8499 seconds
[2019.01.14-15.22.06:371][599]LogCollectionManager: Rebuilt the object cache for 0 collections in 0.000000 seconds (found 0 objects)
[2019.01.14-15.22.06:371][599]LogCollectionManager: Fixed up redirectors for 0 collections in 0.000040 seconds (updated 0 objects)
[2019.01.14-15.24.39:825][  3]LogEditorViewport: Clicking on Actor (LMB): StaticMeshActor (Floor)
[2019.01.14-15.24.41:460][170]LogSlate: FSceneViewport::OnFocusLost() reason 0
[2019.01.14-15.30.52:091][120]LogSlate: Took 0.000301 seconds to synchronously load lazily loaded font '../../../Engine/Content/Slate/Fonts/Roboto-Light.ttf' (167K)
[2019.01.14-15.30.52:099][120]LogAssetEditorManager: Opening Asset editor for Material /Game/N_WBM_LS.N_WBM_LS
[2019.01.14-15.30.52:104][120]LogMaterial: Display: Missing cached shader map for material N_WBM_LS, compiling. 
[2019.01.14-15.30.52:506][120]LogMaterial: Display: Missing cached shader map for material N_WBM_LS, compiling. 
[2019.01.14-15.30.52:534][120]LogShaderCompilers: Display: Shaders left to compile 21
[2019.01.14-15.30.52:534][120]LogShaderCompilers: Display: Shaders left to compile 20
[2019.01.14-15.30.52:534][120]LogShaderCompilers: Display: Shaders left to compile 19
[2019.01.14-15.30.52:534][120]LogShaderCompilers: Display: Shaders left to compile 18
[2019.01.14-15.30.52:570][120]LogSlate: Took 0.008612 seconds to synchronously load lazily loaded font '../../../Engine/Content/Slate/Fonts/Roboto-BoldCondensed.ttf' (158K)
[2019.01.14-15.30.53:260][155]LogShaderCompilers: Display: Shaders left to compile 17
[2019.01.14-15.30.53:297][157]LogShaderCompilers: Display: Shaders left to compile 16
[2019.01.14-15.30.53:312][158]LogShaderCompilers: Display: Shaders left to compile 15
[2019.01.14-15.30.53:312][158]LogShaderCompilers: Display: Shaders left to compile 14
[2019.01.14-15.30.53:441][165]LogShaderCompilers: Display: Shaders left to compile 13
[2019.01.14-15.30.53:485][168]LogShaderCompilers: Display: Shaders left to compile 12
[2019.01.14-15.30.53:487][168]LogShaderCompilers: Display: Shaders left to compile 11
[2019.01.14-15.30.53:504][169]LogShaderCompilers: Display: Shaders left to compile 10
[2019.01.14-15.30.53:612][176]LogShaderCompilers: Display: Shaders left to compile 9
[2019.01.14-15.30.53:777][185]LogShaderCompilers: Display: Shaders left to compile 8
[2019.01.14-15.30.53:918][194]LogShaderCompilers: Display: Shaders left to compile 7
[2019.01.14-15.30.53:933][195]LogShaderCompilers: Display: Shaders left to compile 6
[2019.01.14-15.30.54:000][199]LogShaderCompilers: Display: Shaders left to compile 5
[2019.01.14-15.30.54:141][207]LogShaderCompilers: Display: Shaders left to compile 4
[2019.01.14-15.30.54:172][209]LogShaderCompilers: Display: Shaders left to compile 3
[2019.01.14-15.30.54:374][221]LogShaderCompilers: Display: Shaders left to compile 2
[2019.01.14-15.30.54:391][222]LogShaderCompilers: Display: Shaders left to compile 1
[2019.01.14-15.30.54:699][241]MaterialEditorStats: Base pass shader: 99 instructions
[2019.01.14-15.30.54:699][241]MaterialEditorStats: Base pass shader with Volumetric Lightmap: 172 instructions
[2019.01.14-15.30.54:699][241]MaterialEditorStats: Base pass vertex shader: 32 instructions
[2019.01.14-15.30.54:699][241]MaterialEditorStats: Texture samplers: 3/16
[2019.01.14-15.31.02:063][805]LogSlate: Window 'N_WBM_LS*' being destroyed
[2019.01.14-15.31.46:228][ 99]LogMaterial: Display: Missing cached shader map for material N_WBM_LS, compiling. 
[2019.01.14-15.31.46:242][ 99]LogMaterial: Display: Missing cached shader map for material FMatExpressionPreview MaterialExpressionVectorParameter_0, compiling. 
[2019.01.14-15.31.46:274][100]LogShaderCompilers: Display: Shaders left to compile 21
[2019.01.14-15.31.46:275][100]LogShaderCompilers: Display: Shaders left to compile 20
[2019.01.14-15.31.46:275][100]LogShaderCompilers: Display: Shaders left to compile 19
[2019.01.14-15.31.46:275][100]LogShaderCompilers: Display: Shaders left to compile 18
[2019.01.14-15.31.46:284][100]LogSlate: Took 0.007788 seconds to synchronously load lazily loaded font '../../../Engine/Content/Slate/Fonts/Roboto-Italic.ttf' (157K)
[2019.01.14-15.31.46:795][161]LogShaderCompilers: Display: Shaders left to compile 19
[2019.01.14-15.31.46:837][166]LogShaderCompilers: Display: Shaders left to compile 18
[2019.01.14-15.31.46:845][167]LogShaderCompilers: Display: Shaders left to compile 17
[2019.01.14-15.31.46:852][168]LogShaderCompilers: Display: Shaders left to compile 16
[2019.01.14-15.31.46:956][180]LogShaderCompilers: Display: Shaders left to compile 15
[2019.01.14-15.31.46:995][185]LogShaderCompilers: Display: Shaders left to compile 14
[2019.01.14-15.31.47:012][187]LogShaderCompilers: Display: Shaders left to compile 13
[2019.01.14-15.31.47:021][188]LogShaderCompilers: Display: Shaders left to compile 12
[2019.01.14-15.31.47:122][200]LogShaderCompilers: Display: Shaders left to compile 11
[2019.01.14-15.31.47:270][217]LogShaderCompilers: Display: Shaders left to compile 10
[2019.01.14-15.31.47:392][232]LogShaderCompilers: Display: Shaders left to compile 9
[2019.01.14-15.31.47:426][236]LogShaderCompilers: Display: Shaders left to compile 8
[2019.01.14-15.31.47:510][246]LogShaderCompilers: Display: Shaders left to compile 7
[2019.01.14-15.31.47:618][259]LogShaderCompilers: Display: Shaders left to compile 6
[2019.01.14-15.31.47:667][265]LogShaderCompilers: Display: Shaders left to compile 5
[2019.01.14-15.31.47:851][287]LogShaderCompilers: Display: Shaders left to compile 4
[2019.01.14-15.31.47:876][290]LogShaderCompilers: Display: Shaders left to compile 3
[2019.01.14-15.31.47:985][303]LogShaderCompilers: Display: Shaders left to compile 2
[2019.01.14-15.31.48:029][308]LogShaderCompilers: Display: Shaders left to compile 1
[2019.01.14-15.31.48:210][329]MaterialEditorStats: Base pass shader: 99 instructions
[2019.01.14-15.31.48:210][329]MaterialEditorStats: Base pass shader with Volumetric Lightmap: 172 instructions
[2019.01.14-15.31.48:210][329]MaterialEditorStats: Base pass vertex shader: 32 instructions
[2019.01.14-15.31.48:210][329]MaterialEditorStats: Texture samplers: 3/16
[2019.01.14-15.32.11:221][ 82]LogFileHelpers: Editor autosave (incl. sublevels) for '/Temp/Untitled_1' took 0.019
[2019.01.14-15.32.11:225][ 82]OBJ SavePackage: Generating thumbnails for [1] asset(s) in package [/Game/N_WBM_LS] ([1] browsable assets)...
[2019.01.14-15.32.11:237][ 82]OBJ SavePackage:     Rendered thumbnail for [Material /Game/N_WBM_LS.N_WBM_LS]
[2019.01.14-15.32.11:237][ 82]OBJ SavePackage: Finished generating thumbnails for package [/Game/N_WBM_LS]
[2019.01.14-15.32.11:261][ 82]LogSavePackage: Moving '../../../../../../Users/u1047856/Documents/GitHub/LS_AssetPipeline/LS_ICWhitebox001/Saved/N_WBM_LS_Auto18E03A73747391DB0D009C69852526195.tmp' to '../../../../../../Users/u1047856/Documents/GitHub/LS_AssetPipeline/LS_ICWhitebox001/Saved/Autosaves/Game/N_WBM_LS_Auto1.uasset'
[2019.01.14-15.32.11:264][ 82]LogFileHelpers: Auto-saving content packages took 0.041
[2019.01.14-15.32.55:701][401]LogMaterial: Display: Missing cached shader map for material N_WBM_LS, compiling. 
[2019.01.14-15.32.55:721][401]LogShaderCompilers: Display: Shaders left to compile 21
[2019.01.14-15.32.55:721][401]LogShaderCompilers: Display: Shaders left to compile 20
[2019.01.14-15.32.55:721][401]LogShaderCompilers: Display: Shaders left to compile 19
[2019.01.14-15.32.55:721][401]LogShaderCompilers: Display: Shaders left to compile 18
[2019.01.14-15.32.55:721][401]LogMaterial: Display: Missing cached shader map for material FMatExpressionPreview MaterialExpressionVectorParameter_0, compiling. 
[2019.01.14-15.32.56:285][464]LogShaderCompilers: Display: Shaders left to compile 19
[2019.01.14-15.32.56:321][468]LogShaderCompilers: Display: Shaders left to compile 18
[2019.01.14-15.32.56:326][469]LogShaderCompilers: Display: Shaders left to compile 17
[2019.01.14-15.32.56:326][469]LogShaderCompilers: Display: Shaders left to compile 16
[2019.01.14-15.32.56:452][483]LogShaderCompilers: Display: Shaders left to compile 15
[2019.01.14-15.32.56:486][487]LogShaderCompilers: Display: Shaders left to compile 14
[2019.01.14-15.32.56:495][488]LogShaderCompilers: Display: Shaders left to compile 13
[2019.01.14-15.32.56:512][490]LogShaderCompilers: Display: Shaders left to compile 12
[2019.01.14-15.32.56:619][503]LogShaderCompilers: Display: Shaders left to compile 11
[2019.01.14-15.32.56:768][519]LogShaderCompilers: Display: Shaders left to compile 10
[2019.01.14-15.32.56:906][535]LogShaderCompilers: Display: Shaders left to compile 9
[2019.01.14-15.32.56:940][539]LogShaderCompilers: Display: Shaders left to compile 8
[2019.01.14-15.32.56:998][546]LogShaderCompilers: Display: Shaders left to compile 7
[2019.01.14-15.32.57:135][562]LogShaderCompilers: Display: Shaders left to compile 6
[2019.01.14-15.32.57:161][565]LogShaderCompilers: Display: Shaders left to compile 5
[2019.01.14-15.32.57:368][589]LogShaderCompilers: Display: Shaders left to compile 4
[2019.01.14-15.32.57:385][591]LogShaderCompilers: Display: Shaders left to compile 3
[2019.01.14-15.32.57:446][598]LogShaderCompilers: Display: Shaders left to compile 2
[2019.01.14-15.32.57:533][608]LogShaderCompilers: Display: Shaders left to compile 1
[2019.01.14-15.32.57:796][635]MaterialEditorStats: Base pass shader: 99 instructions
[2019.01.14-15.32.57:796][635]MaterialEditorStats: Base pass shader with Volumetric Lightmap: 172 instructions
[2019.01.14-15.32.57:796][635]MaterialEditorStats: Base pass vertex shader: 32 instructions
[2019.01.14-15.32.57:796][635]MaterialEditorStats: Texture samplers: 3/16
[2019.01.14-15.32.58:616][733]LogMaterial: Display: Missing cached shader map for material N_WBM_LS, compiling. 
[2019.01.14-15.32.58:631][733]LogMaterial: Display: Missing cached shader map for material FMatExpressionPreview MaterialExpressionVectorParameter_0, compiling. 
[2019.01.14-15.32.58:645][733]LogShaderCompilers: Display: Shaders left to compile 23
[2019.01.14-15.32.58:645][733]LogShaderCompilers: Display: Shaders left to compile 22
[2019.01.14-15.32.58:645][733]LogShaderCompilers: Display: Shaders left to compile 21
[2019.01.14-15.32.58:645][733]LogShaderCompilers: Display: Shaders left to compile 20
[2019.01.14-15.32.58:858][757]LogShaderCompilers: Display: Shaders left to compile 19
[2019.01.14-15.32.58:864][758]LogShaderCompilers: Display: Shaders left to compile 18
[2019.01.14-15.32.58:873][759]LogShaderCompilers: Display: Shaders left to compile 17
[2019.01.14-15.32.58:881][760]LogShaderCompilers: Display: Shaders left to compile 16
[2019.01.14-15.32.59:039][778]LogShaderCompilers: Display: Shaders left to compile 15
[2019.01.14-15.32.59:047][779]LogShaderCompilers: Display: Shaders left to compile 14
[2019.01.14-15.32.59:056][780]LogShaderCompilers: Display: Shaders left to compile 13
[2019.01.14-15.32.59:072][782]LogShaderCompilers: Display: Shaders left to compile 12
[2019.01.14-15.32.59:190][796]LogShaderCompilers: Display: Shaders left to compile 11
[2019.01.14-15.32.59:311][809]LogShaderCompilers: Display: Shaders left to compile 10
[2019.01.14-15.32.59:459][826]LogShaderCompilers: Display: Shaders left to compile 9
[2019.01.14-15.32.59:491][830]LogShaderCompilers: Display: Shaders left to compile 8
[2019.01.14-15.32.59:570][839]LogShaderCompilers: Display: Shaders left to compile 7
[2019.01.14-15.32.59:707][855]LogShaderCompilers: Display: Shaders left to compile 6
[2019.01.14-15.32.59:714][856]LogShaderCompilers: Display: Shaders left to compile 5
[2019.01.14-15.32.59:915][879]LogShaderCompilers: Display: Shaders left to compile 4
[2019.01.14-15.32.59:957][884]LogShaderCompilers: Display: Shaders left to compile 3
[2019.01.14-15.33.00:043][894]LogShaderCompilers: Display: Shaders left to compile 2
[2019.01.14-15.33.00:076][898]LogShaderCompilers: Display: Shaders left to compile 1
[2019.01.14-15.33.00:190][911]LogMaterial: Display: Missing cached shader map for material N_WBM_LS, compiling. 
[2019.01.14-15.33.00:204][911]LogShaderCompilers: Display: Shaders left to compile 21
[2019.01.14-15.33.00:216][911]LogMaterial: Display: Missing cached shader map for material FMatExpressionPreview MaterialExpressionVectorParameter_0, compiling. 
[2019.01.14-15.33.00:244][911]LogSlate: Window 'Color Picker' being destroyed
[2019.01.14-15.33.00:283][915]LogShaderCompilers: Display: Shaders left to compile 22
[2019.01.14-15.33.00:298][917]LogShaderCompilers: Display: Shaders left to compile 21
[2019.01.14-15.33.00:349][923]LogShaderCompilers: Display: Shaders left to compile 20
[2019.01.14-15.33.00:426][932]LogShaderCompilers: Display: Shaders left to compile 19
[2019.01.14-15.33.00:481][939]LogShaderCompilers: Display: Shaders left to compile 18
[2019.01.14-15.33.00:516][943]LogShaderCompilers: Display: Shaders left to compile 17
[2019.01.14-15.33.00:516][943]LogShaderCompilers: Display: Shaders left to compile 16
[2019.01.14-15.33.00:617][955]LogShaderCompilers: Display: Shaders left to compile 15
[2019.01.14-15.33.00:642][958]LogShaderCompilers: Display: Shaders left to compile 14
[2019.01.14-15.33.00:665][961]LogShaderCompilers: Display: Shaders left to compile 13
[2019.01.14-15.33.00:683][963]LogShaderCompilers: Display: Shaders left to compile 12
[2019.01.14-15.33.00:765][973]LogShaderCompilers: Display: Shaders left to compile 11
[2019.01.14-15.33.00:931][992]LogShaderCompilers: Display: Shaders left to compile 10
[2019.01.14-15.33.01:066][  8]LogShaderCompilers: Display: Shaders left to compile 9
[2019.01.14-15.33.01:099][ 12]LogShaderCompilers: Display: Shaders left to compile 8
[2019.01.14-15.33.01:157][ 19]LogShaderCompilers: Display: Shaders left to compile 7
[2019.01.14-15.33.01:292][ 35]LogShaderCompilers: Display: Shaders left to compile 6
[2019.01.14-15.33.01:325][ 39]LogShaderCompilers: Display: Shaders left to compile 5
[2019.01.14-15.33.01:507][ 61]LogShaderCompilers: Display: Shaders left to compile 4
[2019.01.14-15.33.01:534][ 64]LogShaderCompilers: Display: Shaders left to compile 3
[2019.01.14-15.33.01:598][ 72]LogShaderCompilers: Display: Shaders left to compile 2
[2019.01.14-15.33.01:675][ 81]LogShaderCompilers: Display: Shaders left to compile 1
[2019.01.14-15.33.01:888][106]MaterialEditorStats: Base pass shader: 99 instructions
[2019.01.14-15.33.01:888][106]MaterialEditorStats: Base pass shader with Volumetric Lightmap: 172 instructions
[2019.01.14-15.33.01:888][106]MaterialEditorStats: Base pass vertex shader: 32 instructions
[2019.01.14-15.33.01:888][106]MaterialEditorStats: Texture samplers: 3/16
[2019.01.14-15.33.05:102][490]LogMaterial: Display: Missing cached shader map for material N_WBM_LS, compiling. 
[2019.01.14-15.33.05:121][490]LogShaderCompilers: Display: Shaders left to compile 21
[2019.01.14-15.33.05:121][490]LogShaderCompilers: Display: Shaders left to compile 20
[2019.01.14-15.33.05:121][490]LogShaderCompilers: Display: Shaders left to compile 19
[2019.01.14-15.33.05:121][490]LogShaderCompilers: Display: Shaders left to compile 18
[2019.01.14-15.33.05:121][490]LogMaterial: Display: Missing cached shader map for material FMatExpressionPreview MaterialExpressionVectorParameter_0, compiling. 
[2019.01.14-15.33.05:329][512]LogShaderCompilers: Display: Shaders left to compile 19
[2019.01.14-15.33.05:354][515]LogShaderCompilers: Display: Shaders left to compile 18
[2019.01.14-15.33.05:371][517]LogShaderCompilers: Display: Shaders left to compile 17
[2019.01.14-15.33.05:380][518]LogShaderCompilers: Display: Shaders left to compile 16
[2019.01.14-15.33.05:487][530]LogShaderCompilers: Display: Shaders left to compile 15
[2019.01.14-15.33.05:518][534]LogShaderCompilers: Display: Shaders left to compile 14
[2019.01.14-15.33.05:526][535]LogShaderCompilers: Display: Shaders left to compile 13
[2019.01.14-15.33.05:551][538]LogShaderCompilers: Display: Shaders left to compile 12
[2019.01.14-15.33.05:643][549]LogShaderCompilers: Display: Shaders left to compile 11
[2019.01.14-15.33.05:814][569]LogShaderCompilers: Display: Shaders left to compile 10
[2019.01.14-15.33.05:937][584]LogShaderCompilers: Display: Shaders left to compile 9
[2019.01.14-15.33.05:971][588]LogShaderCompilers: Display: Shaders left to compile 8
[2019.01.14-15.33.06:022][594]LogShaderCompilers: Display: Shaders left to compile 7
[2019.01.14-15.33.06:156][610]LogShaderCompilers: Display: Shaders left to compile 6
[2019.01.14-15.33.06:215][617]LogShaderCompilers: Display: Shaders left to compile 5
[2019.01.14-15.33.06:389][638]LogShaderCompilers: Display: Shaders left to compile 4
[2019.01.14-15.33.06:396][639]LogShaderCompilers: Display: Shaders left to compile 3
[2019.01.14-15.33.06:463][647]LogShaderCompilers: Display: Shaders left to compile 2
[2019.01.14-15.33.06:565][659]LogShaderCompilers: Display: Shaders left to compile 1
[2019.01.14-15.33.06:767][683]MaterialEditorStats: Base pass shader: 101 instructions
[2019.01.14-15.33.06:767][683]MaterialEditorStats: Base pass shader with Volumetric Lightmap: 174 instructions
[2019.01.14-15.33.06:767][683]MaterialEditorStats: Base pass vertex shader: 32 instructions
[2019.01.14-15.33.06:767][683]MaterialEditorStats: Texture samplers: 3/16
[2019.01.14-15.33.13:610][504]LogMaterialEditor: Saving and Compiling material N_WBM_LS
[2019.01.14-15.33.14:074][504]LogMaterial: Display: Missing cached shader map for material N_WBM_LS, compiling. 
[2019.01.14-15.33.14:118][504]LogShaderCompilers: Display: Shaders left to compile 21
[2019.01.14-15.33.14:118][504]LogShaderCompilers: Display: Shaders left to compile 20
[2019.01.14-15.33.14:118][504]LogShaderCompilers: Display: Shaders left to compile 19
[2019.01.14-15.33.14:118][504]LogShaderCompilers: Display: Shaders left to compile 18
[2019.01.14-15.33.14:137][504]LogMaterial: Display: Missing cached shader map for material N_WBM_LS, compiling. 
[2019.01.14-15.33.14:152][504]LogMaterial: Display: Missing cached shader map for material N_WBM_LS, compiling. 
[2019.01.14-15.33.14:191][504]LogMaterial: Display: Missing cached shader map for material FDebugViewModeMaterialProxy N_WBM_LS, compiling. 
[2019.01.14-15.33.15:315][504]LogShaderCompilers: Display: Shaders left to compile 40
[2019.01.14-15.33.15:315][504]LogShaderCompilers: Display: Shaders left to compile 39
[2019.01.14-15.33.15:315][504]LogShaderCompilers: Display: Shaders left to compile 38
[2019.01.14-15.33.15:315][504]LogShaderCompilers: Display: Shaders left to compile 37
[2019.01.14-15.33.15:315][504]LogShaderCompilers: Display: Shaders left to compile 36
[2019.01.14-15.33.15:315][504]LogShaderCompilers: Display: Shaders left to compile 35
[2019.01.14-15.33.15:315][504]LogShaderCompilers: Display: Shaders left to compile 34
[2019.01.14-15.33.15:315][504]LogShaderCompilers: Display: Shaders left to compile 33
[2019.01.14-15.33.15:315][504]LogShaderCompilers: Display: Shaders left to compile 32
[2019.01.14-15.33.15:315][504]LogShaderCompilers: Display: Shaders left to compile 31
[2019.01.14-15.33.15:315][504]LogShaderCompilers: Display: Shaders left to compile 30
[2019.01.14-15.33.15:315][504]LogShaderCompilers: Display: Shaders left to compile 29
[2019.01.14-15.33.15:315][504]LogShaderCompilers: Display: Shaders left to compile 28
[2019.01.14-15.33.15:315][504]LogShaderCompilers: Display: Shaders left to compile 27
[2019.01.14-15.33.15:315][504]LogShaderCompilers: Display: Shaders left to compile 26
[2019.01.14-15.33.15:315][504]LogShaderCompilers: Display: Shaders left to compile 25
[2019.01.14-15.33.15:315][504]LogShaderCompilers: Display: Shaders left to compile 24
[2019.01.14-15.33.15:315][504]LogShaderCompilers: Display: Shaders left to compile 23
[2019.01.14-15.33.15:315][504]LogShaderCompilers: Display: Shaders left to compile 22
[2019.01.14-15.33.15:315][504]LogShaderCompilers: Display: Shaders left to compile 12
[2019.01.14-15.33.15:317][504]TextureStreamingBuild: Display: Compiling optional shaders took 1.133 seconds.
[2019.01.14-15.33.15:339][504]LogShaderCompilers: Display: Shaders left to compile 2
[2019.01.14-15.33.17:459][504]Cmd: OBJ SAVEPACKAGE PACKAGE="/Game/N_WBM_LS" FILE="../../../../../../Users/u1047856/Documents/GitHub/LS_AssetPipeline/LS_ICWhitebox001/Content/N_WBM_LS.uasset" SILENT=true
[2019.01.14-15.33.17:476][504]LogSavePackage: Moving '../../../../../../Users/u1047856/Documents/GitHub/LS_AssetPipeline/LS_ICWhitebox001/Saved/N_WBM_LS69E3DF124FA612E8EDD7F4896A6DEDE1.tmp' to '../../../../../../Users/u1047856/Documents/GitHub/LS_AssetPipeline/LS_ICWhitebox001/Content/N_WBM_LS.uasset'
[2019.01.14-15.35.05:384][162]LogAssetEditorManager: Opening Asset editor for MaterialInstanceConstant /Game/MI_WBStreet_LS.MI_WBStreet_LS
[2019.01.14-15.35.50:916][752]LogSlate: Window 'Color Picker' being destroyed
[2019.01.14-15.35.53:465][993]Cmd: OBJ SAVEPACKAGE PACKAGE="/Game/MI_WBStreet_LS" FILE="../../../../../../Users/u1047856/Documents/GitHub/LS_AssetPipeline/LS_ICWhitebox001/Content/MI_WBStreet_LS.uasset" SILENT=true
[2019.01.14-15.35.53:492][993]LogMaterial: Display: Missing cached shader map for material FDebugViewModeMaterialProxy MI_WBStreet_LS, compiling. 
[2019.01.14-15.35.54:099][993]LogShaderCompilers: Display: Shaders left to compile 1
[2019.01.14-15.35.54:100][993]TextureStreamingBuild: Display: Compiling optional shaders took 0.610 seconds.
[2019.01.14-15.35.54:134][993]LogSavePackage: Moving '../../../../../../Users/u1047856/Documents/GitHub/LS_AssetPipeline/LS_ICWhitebox001/Saved/MI_WBStreet_LSF5194A724281D9393E7F288918782A88.tmp' to '../../../../../../Users/u1047856/Documents/GitHub/LS_AssetPipeline/LS_ICWhitebox001/Content/MI_WBStreet_LS.uasset'
[2019.01.14-15.36.06:481][341]LogSlate: Window 'MI_WBStreet_LS' being destroyed
[2019.01.14-15.36.29:864][212]Cmd: OBJ SAVEPACKAGE PACKAGE="/Game/M_WBM_LS" FILE="../../../../../../Users/u1047856/Documents/GitHub/LS_AssetPipeline/LS_ICWhitebox001/Content/M_WBM_LS.uasset" SILENT=true
[2019.01.14-15.36.29:880][212]LogSavePackage: Moving '../../../../../../Users/u1047856/Documents/GitHub/LS_AssetPipeline/LS_ICWhitebox001/Saved/M_WBM_LS79C95E7040178EC5E24DF289B1F14337.tmp' to '../../../../../../Users/u1047856/Documents/GitHub/LS_AssetPipeline/LS_ICWhitebox001/Content/M_WBM_LS.uasset'
[2019.01.14-15.36.30:020][212]Cmd: OBJ SAVEPACKAGE PACKAGE="/Game/MI_WBStreet_LS" FILE="../../../../../../Users/u1047856/Documents/GitHub/LS_AssetPipeline/LS_ICWhitebox001/Content/MI_WBStreet_LS.uasset" SILENT=true
[2019.01.14-15.36.30:034][212]LogSavePackage: Moving '../../../../../../Users/u1047856/Documents/GitHub/LS_AssetPipeline/LS_ICWhitebox001/Saved/MI_WBStreet_LS81E60F0E416CAB87D3E9F180FBC8F80E.tmp' to '../../../../../../Users/u1047856/Documents/GitHub/LS_AssetPipeline/LS_ICWhitebox001/Content/MI_WBStreet_LS.uasset'
[2019.01.14-15.39.05:699][ 84]Cmd: BRUSH ADD SELECTNEWBRUSH
[2019.01.14-15.39.23:114][162]LogSlate: FSceneViewport::OnFocusLost() reason 0
[2019.01.14-15.42.17:202][825]LogSavePackage: Moving '../../../../../../Users/u1047856/Documents/GitHub/LS_AssetPipeline/LS_ICWhitebox001/Saved/Untitled_1_Auto244F3C9A94A8C2B892D2D70916D9E2757.tmp' to '../../../../../../Users/u1047856/Documents/GitHub/LS_AssetPipeline/LS_ICWhitebox001/Saved/Autosaves/Temp/Untitled_1_Auto2.umap'
[2019.01.14-15.42.17:209][825]LogFileHelpers: Editor autosave (incl. sublevels) for '/Temp/Untitled_1' took 0.054
[2019.01.14-15.42.17:209][825]LogFileHelpers: Editor autosave (incl. sublevels) for all levels took 0.054
[2019.01.14-15.42.17:212][825]OBJ SavePackage: Generating thumbnails for [1] asset(s) in package [/Game/MI_WBSideWlk_LS] ([1] browsable assets)...
[2019.01.14-15.42.17:224][825]OBJ SavePackage:     Rendered thumbnail for [MaterialInstanceConstant /Game/MI_WBSideWlk_LS.MI_WBSideWlk_LS]
[2019.01.14-15.42.17:224][825]OBJ SavePackage: Finished generating thumbnails for package [/Game/MI_WBSideWlk_LS]
[2019.01.14-15.42.17:239][825]LogSavePackage: Moving '../../../../../../Users/u1047856/Documents/GitHub/LS_AssetPipeline/LS_ICWhitebox001/Saved/MI_WBSideWlk_LS_Auto271FD60A3425DD6372BD5CB90AB704873.tmp' to '../../../../../../Users/u1047856/Documents/GitHub/LS_AssetPipeline/LS_ICWhitebox001/Saved/Autosaves/Game/MI_WBSideWlk_LS_Auto2.uasset'
[2019.01.14-15.42.17:240][825]LogFileHelpers: Auto-saving content packages took 0.029
[2019.01.14-15.43.28:752][538]LogSlate: FSceneViewport::OnFocusLost() reason 0
[2019.01.14-15.46.33:295][605]LogSlate: FSceneViewport::OnFocusLost() reason 0
[2019.01.14-15.50.41:880][377]LogSlate: FSceneViewport::OnFocusLost() reason 0
[2019.01.14-15.51.47:501][204]LogSlate: FSceneViewport::OnFocusLost() reason 0
[2019.01.14-15.53.25:186][669]LogSlate: FSceneViewport::OnFocusLost() reason 2
[2019.01.14-15.53.25:301][669]LogSavePackage: Moving '../../../../../../Users/u1047856/Documents/GitHub/LS_AssetPipeline/LS_ICWhitebox001/Saved/Untitled_1_Auto36127751041F7CBC4BF1397854683BF1D.tmp' to '../../../../../../Users/u1047856/Documents/GitHub/LS_AssetPipeline/LS_ICWhitebox001/Saved/Autosaves/Temp/Untitled_1_Auto3.umap'
[2019.01.14-15.53.25:304][669]LogFileHelpers: Editor autosave (incl. sublevels) for '/Temp/Untitled_1' took 0.098
[2019.01.14-15.53.25:304][669]LogFileHelpers: Editor autosave (incl. sublevels) for all levels took 0.098
[2019.01.14-15.53.49:148][487]LogSlate: FSceneViewport::OnFocusLost() reason 0
[2019.01.14-15.53.58:327][565]LogSlate: FSceneViewport::OnFocusLost() reason 0
[2019.01.14-15.55.28:896][775]LogSlate: FSceneViewport::OnFocusLost() reason 0
[2019.01.14-15.55.31:070][ 13]Cmd: BRUSH ADD SELECTNEWBRUSH
[2019.01.14-15.55.35:863][577]LogSlate: FSceneViewport::OnFocusLost() reason 0
[2019.01.14-15.56.07:945][255]LogSlate: FSceneViewport::OnFocusLost() reason 0
[2019.01.14-15.57.19:577][705]LogSlate: FSceneViewport::OnFocusLost() reason 0
[2019.01.14-15.57.30:677][ 17]LogSlate: FSceneViewport::OnFocusLost() reason 0
[2019.01.14-15.58.44:201][689]LogEditorViewport: Clicking on Actor (LMB): BP_Sky_Sphere_C (Sky Sphere)
[2019.01.14-15.58.46:665][973]LogSlate: FSceneViewport::OnFocusLost() reason 0
[2019.01.14-15.59.24:271][445]LogEditorViewport: Clicking on Actor (LMB): BP_Sky_Sphere_C (Sky Sphere)
[2019.01.14-15.59.26:223][674]LogEditorViewport: Clicking on Actor (LMB): BP_Sky_Sphere_C (Sky Sphere)
[2019.01.14-15.59.28:965][993]LogSlate: FSceneViewport::OnFocusLost() reason 0
[2019.01.14-16.00.51:539][652]LogSlate: FSceneViewport::OnFocusLost() reason 0
[2019.01.14-16.01.08:651][607]LogSlate: FSceneViewport::OnFocusLost() reason 0
[2019.01.14-16.01.18:357][679]LogSlate: FSceneViewport::OnFocusLost() reason 0
[2019.01.14-16.01.23:679][272]LogSlate: FSceneViewport::OnFocusLost() reason 0
[2019.01.14-16.01.44:359][484]Cmd: BRUSH ADD SELECTNEWBRUSH
[2019.01.14-16.01.48:088][912]LogSlate: FSceneViewport::OnFocusLost() reason 0
[2019.01.14-16.02.02:988][627]LogSlate: FSceneViewport::OnFocusLost() reason 0
[2019.01.14-16.03.12:395][871]Cmd: TRANSACTION UNDO
[2019.01.14-16.03.12:395][871]LogEditorTransaction: Undo Move Actors
[2019.01.14-16.03.12:417][871]LogActorComponent: ~FComponentReregisterContext: (/Temp/Untitled_1.Untitled_1:PersistentLevel.Brush_Street_19.BrushComponent0) Component already registered.
[2019.01.14-16.03.50:230][285]LogSlate: FSceneViewport::OnFocusLost() reason 2
[2019.01.14-16.03.50:409][285]LogSavePackage: Moving '../../../../../../Users/u1047856/Documents/GitHub/LS_AssetPipeline/LS_ICWhitebox001/Saved/Untitled_1_Auto4E5FF48B142D98363943856A76F1C424B.tmp' to '../../../../../../Users/u1047856/Documents/GitHub/LS_AssetPipeline/LS_ICWhitebox001/Saved/Autosaves/Temp/Untitled_1_Auto4.umap'
[2019.01.14-16.03.50:413][285]LogFileHelpers: Editor autosave (incl. sublevels) for '/Temp/Untitled_1' took 0.164
[2019.01.14-16.03.50:413][285]LogFileHelpers: Editor autosave (incl. sublevels) for all levels took 0.164
[2019.01.14-16.04.50:718][325]LogSlate: FSceneViewport::OnFocusLost() reason 0
[2019.01.14-16.04.52:862][562]Cmd: BRUSH ADD SELECTNEWBRUSH
[2019.01.14-16.04.55:375][855]LogSlate: FSceneViewport::OnFocusLost() reason 0
[2019.01.14-16.05.19:421][658]LogEditorViewport: Clicking on Actor (LMB): BP_Sky_Sphere_C (Sky Sphere)
[2019.01.14-16.05.22:875][ 56]LogSlate: FSceneViewport::OnFocusLost() reason 0
[2019.01.14-16.06.11:168][693]LogSlate: FSceneViewport::OnFocusLost() reason 0
[2019.01.14-16.06.34:230][306]LogSlate: FSceneViewport::OnFocusLost() reason 0
[2019.01.14-16.07.32:875][114]LogSlate: FSceneViewport::OnFocusLost() reason 0
[2019.01.14-16.08.31:084][864]LogEditorActor: Deleted Actor: Brush
[2019.01.14-16.08.31:086][864]LogEditorActor: Deleted Actor: Brush
[2019.01.14-16.08.31:086][864]LogEditorActor: Deleted Actor: Brush
[2019.01.14-16.08.31:087][864]LogEditorActor: Deleted Actor: Brush
[2019.01.14-16.08.31:087][864]LogEditorActor: Deleted Actor: Brush
[2019.01.14-16.08.31:088][864]LogEditorActor: Deleted Actor: Brush
[2019.01.14-16.08.31:088][864]LogEditorActor: Deleted Actor: Brush
[2019.01.14-16.08.31:128][864]LogEditorActor: Deleted 7 Actors (0.048 secs)
[2019.01.14-16.08.52:518][381]LogSlate: FSceneViewport::OnFocusLost() reason 0
[2019.01.14-16.08.56:382][832]LogSlate: FSceneViewport::OnFocusLost() reason 0
[2019.01.14-16.09.25:092][166]LogSlate: FSceneViewport::OnFocusLost() reason 0
[2019.01.14-16.10.21:646][417]LogSlate: FSceneViewport::OnFocusLost() reason 0
[2019.01.14-16.10.46:782][301]LogAssetEditorManager: Opening Asset editor for MaterialInstanceConstant /Game/MI_WBGrd_LS.MI_WBGrd_LS
[2019.01.14-16.11.52:292][ 80]LogSlate: Window 'MI_WBGrd_LS*' being destroyed
[2019.01.14-16.11.52:297][ 80]LogSlate: Window 'MI_WBGrd_LS*' being destroyed
[2019.01.14-16.11.52:338][ 80]LogMaterial: Display: Missing cached shader map for material FDebugViewModeMaterialProxy MI_WBGrd_LS, compiling. 
[2019.01.14-16.11.52:748][ 80]LogShaderCompilers: Display: Shaders left to compile 1
[2019.01.14-16.11.52:749][ 80]TextureStreamingBuild: Display: Compiling optional shaders took 0.414 seconds.
[2019.01.14-16.11.58:416][478]LogAssetEditorManager: Opening Asset editor for MaterialInstanceConstant /Game/MI_WBGrd_LS.MI_WBGrd_LS
[2019.01.14-16.12.44:598][113]LogSlate: Window 'Color Picker' being destroyed
[2019.01.14-16.12.46:544][304]Cmd: OBJ SAVEPACKAGE PACKAGE="/Game/MI_WBGrd_LS" FILE="../../../../../../Users/u1047856/Documents/GitHub/LS_AssetPipeline/LS_ICWhitebox001/Content/MI_WBGrd_LS.uasset" SILENT=true
[2019.01.14-16.12.46:570][304]LogMaterial: Display: Missing cached shader map for material FDebugViewModeMaterialProxy MI_WBGrd_LS, compiling. 
[2019.01.14-16.12.46:970][304]LogShaderCompilers: Display: Shaders left to compile 1
[2019.01.14-16.12.46:971][304]TextureStreamingBuild: Display: Compiling optional shaders took 0.405 seconds.
[2019.01.14-16.12.47:005][304]LogSavePackage: Moving '../../../../../../Users/u1047856/Documents/GitHub/LS_AssetPipeline/LS_ICWhitebox001/Saved/MI_WBGrd_LS18F77BCC4E3EAEAD9B970AB1F89F8C66.tmp' to '../../../../../../Users/u1047856/Documents/GitHub/LS_AssetPipeline/LS_ICWhitebox001/Content/MI_WBGrd_LS.uasset'
[2019.01.14-16.13.04:810][239]LogSlate: Window 'MI_WBGrd_LS' being destroyed
[2019.01.14-16.13.04:815][239]LogSlate: Window 'MI_WBGrd_LS' being destroyed
[2019.01.14-16.13.45:217][806]LogFactory: FactoryCreateFile: StaticMesh with FbxFactory (0 0 ../../../../../../Users/u1047856/Desktop/mann.obj)
[2019.01.14-16.13.45:251][806]LogFbx: Loading FBX Scene from ../../../../../../Users/u1047856/Desktop/mann.obj
[2019.01.14-16.13.45:334][806]LogFbx: FBX Scene Loaded Succesfully
[2019.01.14-16.13.47:759][806]LogSlate: Window 'FBX Import Options' being destroyed
[2019.01.14-16.13.47:936][806]LogMaterial: Display: Missing cached shader map for material SM_hatMat, compiling. 
[2019.01.14-16.13.47:948][806]LogFbx: Warning: Triangulating static mesh SM_hat
[2019.01.14-16.13.48:367][806]LogShaderCompilers: Display: Shaders left to compile 22
[2019.01.14-16.13.48:367][806]LogShaderCompilers: Display: Shaders left to compile 12
[2019.01.14-16.13.48:367][806]LogShaderCompilers: Display: Shaders left to compile 2
[2019.01.14-16.13.48:420][806]LogStaticMesh: Building static mesh mann...
[2019.01.14-16.13.48:566][806]LogStaticMesh: Built static mesh [0.15s] /Game/mann.mann
[2019.01.14-16.14.04:017][412]LogActorFactory: Actor Factory created mann
[2019.01.14-16.14.05:734][610]LogActorFactory: Actor Factory created mann
[2019.01.14-16.14.25:159][772]LogSlate: FSceneViewport::OnFocusLost() reason 0
[2019.01.14-16.15.17:916][443]LogSlate: FSceneViewport::OnFocusLost() reason 2
[2019.01.14-16.15.18:201][443]LogSavePackage: Moving '../../../../../../Users/u1047856/Documents/GitHub/LS_AssetPipeline/LS_ICWhitebox001/Saved/Untitled_1_Auto5C2A3EB114F40424B946AF59FEE583D79.tmp' to '../../../../../../Users/u1047856/Documents/GitHub/LS_AssetPipeline/LS_ICWhitebox001/Saved/Autosaves/Temp/Untitled_1_Auto5.umap'
[2019.01.14-16.15.18:204][443]LogFileHelpers: Editor autosave (incl. sublevels) for '/Temp/Untitled_1' took 0.269
[2019.01.14-16.15.18:204][443]LogFileHelpers: Editor autosave (incl. sublevels) for all levels took 0.269
[2019.01.14-16.15.18:207][443]OBJ SavePackage: Generating thumbnails for [1] asset(s) in package [/Game/mann] ([1] browsable assets)...
[2019.01.14-16.15.18:225][443]OBJ SavePackage:     Rendered thumbnail for [StaticMesh /Game/mann.mann]
[2019.01.14-16.15.18:225][443]OBJ SavePackage: Finished generating thumbnails for package [/Game/mann]
[2019.01.14-16.15.18:225][443]Cmd: OBJ SAVEPACKAGE PACKAGE="/Game/mann" FILE="../../../../../../Users/u1047856/Documents/GitHub/LS_AssetPipeline/LS_ICWhitebox001/Saved/Autosaves/Game/mann_Auto5.uasset" SILENT=false AUTOSAVING=true
[2019.01.14-16.15.18:248][443]LogSavePackage: Moving '../../../../../../Users/u1047856/Documents/GitHub/LS_AssetPipeline/LS_ICWhitebox001/Saved/mann_Auto54D909F694D660186ACF3E08A485BFBC5.tmp' to '../../../../../../Users/u1047856/Documents/GitHub/LS_AssetPipeline/LS_ICWhitebox001/Saved/Autosaves/Game/mann_Auto5.uasset'
[2019.01.14-16.15.18:249][443]OBJ SavePackage: Generating thumbnails for [1] asset(s) in package [/Game/SM_hatMat] ([1] browsable assets)...
[2019.01.14-16.15.18:264][443]OBJ SavePackage:     Rendered thumbnail for [Material /Game/SM_hatMat.SM_hatMat]
[2019.01.14-16.15.18:264][443]OBJ SavePackage: Finished generating thumbnails for package [/Game/SM_hatMat]
[2019.01.14-16.15.18:286][443]LogSavePackage: Moving '../../../../../../Users/u1047856/Documents/GitHub/LS_AssetPipeline/LS_ICWhitebox001/Saved/SM_hatMat_Auto5277E224F4197425061004D91F4C0C8F9.tmp' to '../../../../../../Users/u1047856/Documents/GitHub/LS_AssetPipeline/LS_ICWhitebox001/Saved/Autosaves/Game/SM_hatMat_Auto5.uasset'
[2019.01.14-16.15.18:287][443]LogFileHelpers: Auto-saving content packages took 0.081
[2019.01.14-16.17.11:461][ 29]LogSlate: FSceneViewport::OnFocusLost() reason 0
[2019.01.14-16.18.32:636][692]Cmd: TRANSACTION UNDO
[2019.01.14-16.18.32:636][692]LogEditorTransaction: Undo Move Actors
[2019.01.14-16.18.32:668][692]LogActorComponent: ~FComponentReregisterContext: (/Temp/Untitled_1.Untitled_1:PersistentLevel.Brush_Street_6.BrushComponent0) Component already registered.
[2019.01.14-16.18.32:670][692]LogActorComponent: ~FComponentReregisterContext: (/Temp/Untitled_1.Untitled_1:PersistentLevel.GroupActor_0.GroupComponent) Component already registered.
[2019.01.14-16.18.32:671][692]LogActorComponent: ~FComponentReregisterContext: (/Temp/Untitled_1.Untitled_1:PersistentLevel.Brush_Street_3.BrushComponent0) Component already registered.
[2019.01.14-16.18.32:671][692]LogActorComponent: ~FComponentReregisterContext: (/Temp/Untitled_1.Untitled_1:PersistentLevel.Brush_Street_20.BrushComponent0) Component already registered.
[2019.01.14-16.18.32:671][692]LogActorComponent: ~FComponentReregisterContext: (/Temp/Untitled_1.Untitled_1:PersistentLevel.Brush_Street_19.BrushComponent0) Component already registered.
[2019.01.14-16.19.50:992][592]LogSlate: FSceneViewport::OnFocusLost() reason 0
[2019.01.14-16.19.58:218][397]Cmd: TRANSACTION UNDO
[2019.01.14-16.19.58:218][397]LogEditorTransaction: Undo Move Actors
[2019.01.14-16.19.58:246][397]LogActorComponent: ~FComponentReregisterContext: (/Temp/Untitled_1.Untitled_1:PersistentLevel.Brush_SideWlk_Sub_8.BrushComponent0) Component already registered.
[2019.01.14-16.20.05:372][205]Cmd: TRANSACTION UNDO
[2019.01.14-16.20.05:372][205]LogEditorTransaction: Undo Move Actors
[2019.01.14-16.20.05:401][205]LogActorComponent: ~FComponentReregisterContext: (/Temp/Untitled_1.Untitled_1:PersistentLevel.Brush_Street_18.BrushComponent0) Component already registered.
[2019.01.14-16.20.05:401][205]LogActorComponent: ~FComponentReregisterContext: (/Temp/Untitled_1.Untitled_1:PersistentLevel.Brush_Street_19.BrushComponent0) Component already registered.
[2019.01.14-16.20.05:401][205]LogActorComponent: ~FComponentReregisterContext: (/Temp/Untitled_1.Untitled_1:PersistentLevel.Brush_Street_2.BrushComponent0) Component already registered.
[2019.01.14-16.20.05:402][205]LogActorComponent: ~FComponentReregisterContext: (/Temp/Untitled_1.Untitled_1:PersistentLevel.Brush_SideWlk_3.BrushComponent0) Component already registered.
[2019.01.14-16.20.05:403][205]LogActorComponent: ~FComponentReregisterContext: (/Temp/Untitled_1.Untitled_1:PersistentLevel.Brush_SideWlk_Sub_4.BrushComponent0) Component already registered.
[2019.01.14-16.20.05:403][205]LogActorComponent: ~FComponentReregisterContext: (/Temp/Untitled_1.Untitled_1:PersistentLevel.Brush_SideWlk_Sub_5.BrushComponent0) Component already registered.
[2019.01.14-16.20.05:403][205]LogActorComponent: ~FComponentReregisterContext: (/Temp/Untitled_1.Untitled_1:PersistentLevel.Brush_SideWlk_Sub_8.BrushComponent0) Component already registered.
[2019.01.14-16.20.26:339][666]LogSlate: FSceneViewport::OnFocusLost() reason 0
[2019.01.14-16.20.37:842][907]LogSlate: FSceneViewport::OnFocusLost() reason 0
[2019.01.14-16.20.40:807][198]LogSlate: FSceneViewport::OnFocusLost() reason 0
[2019.01.14-16.20.44:857][616]LogSlate: FSceneViewport::OnFocusLost() reason 0
[2019.01.14-16.21.12:515][848]LogSlate: FSceneViewport::OnFocusLost() reason 0
[2019.01.14-16.22.47:048][928]LogSlate: FSceneViewport::OnFocusLost() reason 0
[2019.01.14-16.23.08:813][442]LogSlate: FSceneViewport::OnFocusLost() reason 0
[2019.01.14-16.23.21:664][867]LogSlate: FSceneViewport::OnFocusLost() reason 0
[2019.01.14-16.23.28:053][576]LogSlate: FSceneViewport::OnFocusLost() reason 0
[2019.01.14-16.23.38:604][772]LogSlate: FSceneViewport::OnFocusLost() reason 0
[2019.01.14-16.23.40:847][998]LogSlate: FSceneViewport::OnFocusLost() reason 0
[2019.01.14-16.23.43:120][226]LogSlate: FSceneViewport::OnFocusLost() reason 0
[2019.01.14-16.23.45:935][510]LogSlate: FSceneViewport::OnFocusLost() reason 0
[2019.01.14-16.23.49:470][867]LogSlate: FSceneViewport::OnFocusLost() reason 0
[2019.01.14-16.23.51:416][ 41]LogSlate: FSceneViewport::OnFocusLost() reason 0
[2019.01.14-16.23.58:628][838]LogSlate: FSceneViewport::OnFocusLost() reason 0
[2019.01.14-16.24.02:918][294]LogSlate: FSceneViewport::OnFocusLost() reason 0
[2019.01.14-16.24.08:308][882]LogSlate: FSceneViewport::OnFocusLost() reason 0
[2019.01.14-16.24.15:158][534]LogSlate: FSceneViewport::OnFocusLost() reason 0
[2019.01.14-16.24.20:818][167]LogSlate: FSceneViewport::OnFocusLost() reason 0
[2019.01.14-16.24.32:605][470]LogSlate: FSceneViewport::OnFocusLost() reason 0
[2019.01.14-16.25.56:296][231]LogSlate: FSceneViewport::OnFocusLost() reason 2
[2019.01.14-16.25.56:639][231]LogSavePackage: Moving '../../../../../../Users/u1047856/Documents/GitHub/LS_AssetPipeline/LS_ICWhitebox001/Saved/Untitled_1_Auto6704399E5458147FC730906A7E893A166.tmp' to '../../../../../../Users/u1047856/Documents/GitHub/LS_AssetPipeline/LS_ICWhitebox001/Saved/Autosaves/Temp/Untitled_1_Auto6.umap'
[2019.01.14-16.25.56:642][231]LogFileHelpers: Editor autosave (incl. sublevels) for '/Temp/Untitled_1' took 0.326
[2019.01.14-16.25.56:642][231]LogFileHelpers: Editor autosave (incl. sublevels) for all levels took 0.326
[2019.01.14-16.26.23:414][399]Cmd: TRANSACTION UNDO
[2019.01.14-16.26.23:414][399]LogEditorTransaction: Undo Apply Material to Surface
[2019.01.14-16.27.17:608][758]LogSlate: FSceneViewport::OnFocusLost() reason 0
[2019.01.14-16.28.36:970][111]LogSlate: FSceneViewport::OnFocusLost() reason 0
[2019.01.14-16.28.39:333][377]Cmd: BRUSH ADD SELECTNEWBRUSH
[2019.01.14-16.28.41:490][627]LogSlate: FSceneViewport::OnFocusLost() reason 0
[2019.01.14-16.29.06:630][506]Cmd: DELETE
[2019.01.14-16.29.06:630][506]Cmd: ACTOR DELETE
[2019.01.14-16.29.06:655][506]LogEditorActor: Deleted Actor: Brush
[2019.01.14-16.29.06:719][506]LogEditorActor: Deleted 1 Actors (0.079 secs)
[2019.01.14-16.29.08:440][654]LogSlate: FSceneViewport::OnFocusLost() reason 0
[2019.01.14-16.29.10:851][910]Cmd: BRUSH ADD SELECTNEWBRUSH
[2019.01.14-16.29.13:472][212]LogSlate: FSceneViewport::OnFocusLost() reason 0
[2019.01.14-16.29.24:955][508]LogSlate: FSceneViewport::OnFocusLost() reason 0
[2019.01.14-16.30.28:175][932]LogSlate: FSceneViewport::OnFocusLost() reason 2
[2019.01.14-16.30.32:011][387]LogSlate: FSceneViewport::OnFocusLost() reason 2
[2019.01.14-16.30.47:871][387]LogSlate: Window 'Save Level As' being destroyed
[2019.01.14-16.30.49:678][387]LogSavePackage: Moving '../../../../../../Users/u1047856/Documents/GitHub/LS_AssetPipeline/LS_ICWhitebox001/Saved/LS_ICWhiteBox6204BBD948A4E8E75828B082AA8332D5.tmp' to '../../../../../../Users/u1047856/Documents/GitHub/LS_AssetPipeline/LS_ICWhitebox001/Content/LS_ICWhiteBox.umap'
[2019.01.14-16.30.49:715][387]LogFileHelpers: Saving map 'LS_ICWhiteBox' took 1.837
[2019.01.14-16.30.49:718][387]Cmd: OBJ SAVEPACKAGE PACKAGE="/Game/MI_WBSideWlk_LS" FILE="../../../../../../Users/u1047856/Documents/GitHub/LS_AssetPipeline/LS_ICWhitebox001/Content/MI_WBSideWlk_LS.uasset" SILENT=true
[2019.01.14-16.30.49:726][387]LogSavePackage: Moving '../../../../../../Users/u1047856/Documents/GitHub/LS_AssetPipeline/LS_ICWhitebox001/Saved/MI_WBSideWlk_LS8F71B4A04E4C17EDC503AB984BE7DA26.tmp' to '../../../../../../Users/u1047856/Documents/GitHub/LS_AssetPipeline/LS_ICWhitebox001/Content/MI_WBSideWlk_LS.uasset'
[2019.01.14-16.30.49:735][387]Cmd: OBJ SAVEPACKAGE PACKAGE="/Game/mann" FILE="../../../../../../Users/u1047856/Documents/GitHub/LS_AssetPipeline/LS_ICWhitebox001/Content/mann.uasset" SILENT=true
[2019.01.14-16.30.49:746][387]LogSavePackage: Moving '../../../../../../Users/u1047856/Documents/GitHub/LS_AssetPipeline/LS_ICWhitebox001/Saved/mannF482A2F149C73FBF0BEB37982FE0E81A.tmp' to '../../../../../../Users/u1047856/Documents/GitHub/LS_AssetPipeline/LS_ICWhitebox001/Content/mann.uasset'
[2019.01.14-16.30.49:753][387]Cmd: OBJ SAVEPACKAGE PACKAGE="/Game/SM_hatMat" FILE="../../../../../../Users/u1047856/Documents/GitHub/LS_AssetPipeline/LS_ICWhitebox001/Content/SM_hatMat.uasset" SILENT=true
[2019.01.14-16.30.49:762][387]LogSavePackage: Moving '../../../../../../Users/u1047856/Documents/GitHub/LS_AssetPipeline/LS_ICWhitebox001/Saved/SM_hatMatB825FF7E42A92C858C4D1AA99FAC7371.tmp' to '../../../../../../Users/u1047856/Documents/GitHub/LS_AssetPipeline/LS_ICWhitebox001/Content/SM_hatMat.uasset'
[2019.01.14-16.31.03:666][780]Cmd: OBJ SAVEPACKAGE PACKAGE="/Game/LS_ICWhiteBox_BuiltData" FILE="../../../../../../Users/u1047856/Documents/GitHub/LS_AssetPipeline/LS_ICWhitebox001/Content/LS_ICWhiteBox_BuiltData.uasset" SILENT=true
[2019.01.14-16.31.03:683][780]LogSavePackage: Moving '../../../../../../Users/u1047856/Documents/GitHub/LS_AssetPipeline/LS_ICWhitebox001/Saved/LS_ICWhiteBox_BuiltData5702B36849D38BE0BE8BC1B6EDEF467E.tmp' to '../../../../../../Users/u1047856/Documents/GitHub/LS_AssetPipeline/LS_ICWhitebox001/Content/LS_ICWhiteBox_BuiltData.uasset'
