Log file open, 01/09/19 08:51:33
LogWindows: Failed to load 'aqProf.dll' (GetLastError=126)
LogWindows: File 'aqProf.dll' does not exist
LogWindows: Failed to load 'VtuneApi.dll' (GetLastError=126)
LogWindows: File 'VtuneApi.dll' does not exist
LogWindows: Failed to load 'VtuneApi32e.dll' (GetLastError=126)
LogWindows: File 'VtuneApi32e.dll' does not exist
LogInit: Display: Running engine for game: LS_AssetPipeline
LogPlatformFile: Not using cached read wrapper
LogTaskGraph: Started task graph with 5 named threads and 23 total threads with 3 sets of task threads.
LogStats: Stats thread started at 0.276884
LogD3D11RHI: Loaded GFSDK_Aftermath_Lib.x64.dll
LogICUInternationalization: Display: ICU TimeZone Detection - Raw Offset: -7:00, Platform Override: ''
LogPluginManager: Mounting plugin Paper2D
LogPluginManager: Mounting plugin AISupport
LogPluginManager: Mounting plugin LightPropagationVolume
LogPluginManager: Mounting plugin CLionSourceCodeAccess
LogPluginManager: Mounting plugin CodeLiteSourceCodeAccess
LogPluginManager: Mounting plugin GitSourceControl
LogPluginManager: Mounting plugin KDevelopSourceCodeAccess
LogPluginManager: Mounting plugin NullSourceCodeAccess
LogPluginManager: Mounting plugin PerforceSourceControl
LogPluginManager: Mounting plugin SubversionSourceControl
LogPluginManager: Mounting plugin UObjectPlugin
LogPluginManager: Mounting plugin VisualStudioCodeSourceCodeAccess
LogPluginManager: Mounting plugin VisualStudioSourceCodeAccess
LogPluginManager: Mounting plugin XCodeSourceCodeAccess
LogPluginManager: Mounting plugin AssetManagerEditor
LogPluginManager: Mounting plugin CryptoKeys
LogPluginManager: Mounting plugin DataValidation
LogPluginManager: Mounting plugin FacialAnimation
LogPluginManager: Mounting plugin GameplayTagsEditor
LogPluginManager: Mounting plugin MacGraphicsSwitching
LogPluginManager: Mounting plugin MeshEditor
LogPluginManager: Mounting plugin MobileLauncherProfileWizard
LogPluginManager: Mounting plugin PluginBrowser
LogPluginManager: Mounting plugin SpeedTreeImporter
LogPluginManager: Mounting plugin DatasmithContent
LogPluginManager: Mounting plugin AlembicImporter
LogPluginManager: Mounting plugin AppleImageUtils
LogPluginManager: Mounting plugin AppleVision
LogPluginManager: Mounting plugin BackChannel
LogPluginManager: Mounting plugin CharacterAI
LogPluginManager: Mounting plugin GeometryCache
LogPluginManager: Mounting plugin HTML5Networking
LogPluginManager: Mounting plugin ProxyLODPlugin
LogPluginManager: Mounting plugin MagicLeap
LogPluginManager: Mounting plugin MagicLeapEmulator
LogPluginManager: Mounting plugin MagicLeapMedia
LogPluginManager: Mounting plugin AndroidMedia
LogPluginManager: Mounting plugin AvfMedia
LogPluginManager: Mounting plugin ImgMedia
LogPluginManager: Mounting plugin LinearTimecode
LogPluginManager: Mounting plugin MediaCompositing
LogPluginManager: Mounting plugin MediaPlayerEditor
LogPluginManager: Mounting plugin WmfMedia
LogPluginManager: Mounting plugin TcpMessaging
LogPluginManager: Mounting plugin UdpMessaging
LogPluginManager: Mounting plugin ActorSequence
LogPluginManager: Mounting plugin LevelSequenceEditor
LogPluginManager: Mounting plugin MatineeToLevelSequence
LogPluginManager: Mounting plugin NetcodeUnitTest
LogPluginManager: Mounting plugin NUTUnrealEngine4
LogPluginManager: Mounting plugin OnlineSubsystemGooglePlay
LogPluginManager: Mounting plugin OnlineSubsystemIOS
LogPluginManager: Mounting plugin OnlineSubsystem
LogPluginManager: Mounting plugin OnlineSubsystemNull
LogPluginManager: Mounting plugin OnlineSubsystemUtils
LogPluginManager: Mounting plugin LauncherChunkInstaller
LogPluginManager: Mounting plugin AndroidDeviceProfileSelector
LogPluginManager: Mounting plugin AndroidMoviePlayer
LogPluginManager: Mounting plugin AndroidPermission
LogPluginManager: Mounting plugin AppleMoviePlayer
LogPluginManager: Mounting plugin ArchVisCharacter
LogPluginManager: Mounting plugin AudioCapture
LogPluginManager: Mounting plugin CableComponent
LogPluginManager: Mounting plugin CustomMeshComponent
LogPluginManager: Mounting plugin EditableMesh
LogPluginManager: Mounting plugin ExampleDeviceProfileSelector
LogPluginManager: Mounting plugin GoogleCloudMessaging
LogPluginManager: Mounting plugin ImmediatePhysics
LogPluginManager: Mounting plugin IOSDeviceProfileSelector
LogPluginManager: Mounting plugin LinuxDeviceProfileSelector
LogPluginManager: Mounting plugin LocationServicesBPLibrary
LogPluginManager: Mounting plugin MobilePatchingUtils
LogPluginManager: Mounting plugin OculusVR
LogPluginManager: Plugin shader directory ../../../Engine/Plugins/Runtime/Oculus/OculusVR/Shaders found
LogPluginManager: Mapping shader source directory ../../../Engine/Plugins/Runtime/Oculus/OculusVR/Shaders to virtual directory /Plugin/OculusVR
LogPluginManager: Mounting plugin PhysXVehicles
LogPluginManager: Mounting plugin ProceduralMeshComponent
LogPluginManager: Mounting plugin RuntimePhysXCooking
LogPluginManager: Mounting plugin SteamVR
LogPluginManager: Mounting plugin WindowsMoviePlayer
LogStreaming: Display: Took  0.112s to configure plugins.
LogInit: Using libcurl 7.55.1-DEV
LogInit:  - built for x86_64-pc-win32
LogInit:  - supports SSL with OpenSSL/1.0.2h
LogInit:  - supports HTTP deflate (compression) using libz 1.2.8
LogInit:  - other features:
LogInit:      CURL_VERSION_SSL
LogInit:      CURL_VERSION_LIBZ
LogInit:      CURL_VERSION_IPV6
LogInit:      CURL_VERSION_ASYNCHDNS
LogInit:      CURL_VERSION_LARGEFILE
LogInit:      CURL_VERSION_IDN
LogInit:  CurlRequestOptions (configurable via config and command line):
LogInit:  - bVerifyPeer = false  - Libcurl will NOT verify peer certificate
LogInit:  - bUseHttpProxy = false  - Libcurl will NOT use HTTP proxy
LogInit:  - bDontReuseConnections = false  - Libcurl will reuse connections
LogInit:  - CertBundlePath = nullptr  - Libcurl will use whatever was configured at build time.
LogInit:  - MaxHostConnections = 16  - Libcurl will limit the number of connections to a host
LogInit:  - LocalHostAddr = Default
LogInit:  - BufferSize = 65536
LogInit: WinSock: version 1.1 (2.2), MaxSocks=32767, MaxUdp=65467
LogInit: Build: ++UE4+Release-4.20-CL-4369336
LogInit: Engine Version: 4.20.3-4369336+++UE4+Release-4.20
LogInit: Compatible Engine Version: 4.20.0-4212847+++UE4+Release-4.20
LogInit: Net CL: 4212847
LogInit: OS: Windows 10 (), CPU: Intel(R) Core(TM) i7-8809G CPU @ 3.10GHz, GPU: Radeon RX Vega M GH Graphics
LogInit: Compiled (64-bit): Sep 17 2018 12:26:19
LogInit: Compiled with Visual C++: 19.13.26129.00
LogInit: Build Configuration: Development
LogInit: Branch Name: ++UE4+Release-4.20
LogInit: Command Line: -EpicPortal  -epicusername="ThePoet201202" -epicuserid=318f51f9dfab4f0982a8f6966176573e -epiclocale=en-US
LogInit: Base Directory: C:/Program Files/Epic Games/UE_4.20/Engine/Binaries/Win64/
LogInit: Installed Engine Build: 1
LogDevObjectVersion: Number of dev versions registered: 20
LogDevObjectVersion:   Dev-Blueprints (B0D832E4-1F89-4F0D-ACCF-7EB736FD4AA2): 10
LogDevObjectVersion:   Dev-Build (E1C64328-A22C-4D53-A36C-8E866417BD8C): 0
LogDevObjectVersion:   Dev-Core (375EC13C-06E4-48FB-B500-84F0262A717E): 2
LogDevObjectVersion:   Dev-Editor (E4B068ED-F494-42E9-A231-DA0B2E46BB41): 24
LogDevObjectVersion:   Dev-Framework (CFFC743F-43B0-4480-9391-14DF171D2073): 34
LogDevObjectVersion:   Dev-Mobile (B02B49B5-BB20-44E9-A304-32B752E40360): 2
LogDevObjectVersion:   Dev-Networking (A4E4105C-59A1-49B5-A7C5-40C4547EDFEE): 0
LogDevObjectVersion:   Dev-Online (39C831C9-5AE6-47DC-9A44-9C173E1C8E7C): 0
LogDevObjectVersion:   Dev-Physics (78F01B33-EBEA-4F98-B9B4-84EACCB95AA2): 0
LogDevObjectVersion:   Dev-Platform (6631380F-2D4D-43E0-8009-CF276956A95A): 0
LogDevObjectVersion:   Dev-Rendering (12F88B9F-8875-4AFC-A67C-D90C383ABD29): 26
LogDevObjectVersion:   Dev-Sequencer (7B5AE74C-D270-4C10-A958-57980B212A5A): 9
LogDevObjectVersion:   Dev-VR (D7296918-1DD6-4BDD-9DE2-64A83CC13884): 2
LogDevObjectVersion:   Dev-LoadTimes (C2A15278-BFE7-4AFE-6C17-90FF531DF755): 1
LogDevObjectVersion:   Private-Geometry (6EACA3D4-40EC-4CC1-B786-8BED09428FC5): 3
LogDevObjectVersion:   Dev-AnimPhys (29E575DD-E0A3-4627-9D10-D276232CDCEA): 17
LogDevObjectVersion:   Dev-ReflectionCapture (6B266CEC-1EC7-4B8F-A30B-E4D90942FC07): 1
LogDevObjectVersion:   Dev-Automation (0DF73D61-A23F-47EA-B727-89E90C41499A): 1
LogDevObjectVersion:   FortniteMain (601D1886-AC64-4F84-AA16-D3DE0DEAC7D6): 12
LogDevObjectVersion:   Dev-Enterprise (9DFFBCD6-494F-0158-E221-12823C92A888): 1
LogStreaming: Display: Took  0.000s to delete old logs.
LogInit: Presizing for max 8388607 objects, including 0 objects not considered by GC, pre-allocating 0 bytes for permanent pool.
LogInit: Object subsystem initialized
[2019.01.09-15.51.33:748][  0]LogInit: Selected Device Profile: [Windows]
[2019.01.09-15.51.33:748][  0]LogInit: Applying CVar settings loaded from the selected device profile: [Windows]
[2019.01.09-15.51.33:761][  0]LogHAL: Display: Platform has ~ 16 GB [17095360512 / 17179869184 / 16], which maps to Larger [LargestMinGB=32, LargerMinGB=12, DefaultMinGB=8, SmallerMinGB=6, SmallestMinGB=0)
[2019.01.09-15.51.33:762][  0]LogInit: Setting Device Profile CVar: [[r.Vulkan.UseRealUBs:1]]
[2019.01.09-15.51.33:762][  0]LogInit: Going up to parent DeviceProfile []
[2019.01.09-15.51.33:762][  0]LogInit: Computer: eae-n-025
[2019.01.09-15.51.33:762][  0]LogInit: User: u1047856
[2019.01.09-15.51.33:762][  0]LogInit: CPU Page size=4096, Cores=4
[2019.01.09-15.51.33:762][  0]LogInit: High frequency timer resolution =3.023436 MHz
[2019.01.09-15.51.33:762][  0]LogMemory: Memory total: Physical=15.9GB (16GB approx)
[2019.01.09-15.51.33:762][  0]LogMemory: Platform Memory Stats for Windows
[2019.01.09-15.51.33:762][  0]LogMemory: Process Physical Memory: 100.71 MB used, 100.71 MB peak
[2019.01.09-15.51.33:762][  0]LogMemory: Process Virtual Memory: 89.41 MB used, 89.41 MB peak
[2019.01.09-15.51.33:762][  0]LogMemory: Physical Memory: 7720.35 MB used,  8583.05 MB free, 16303.41 MB total
[2019.01.09-15.51.33:762][  0]LogMemory: Virtual Memory: 4639.15 MB used,  8583.05 MB free, 134217728.00 MB total
[2019.01.09-15.51.33:776][  0]LogInit: Using OS detected language (en-US).
[2019.01.09-15.51.33:776][  0]LogInit: Using OS detected locale (en-US).
[2019.01.09-15.51.33:777][  0]LogTextLocalizationManager: No specific localization for 'en-US' exists, so the 'en' localization will be used.
[2019.01.09-15.51.34:114][  0]LogStreaming: Display: Took  0.338s to InitEngineTextLocalization.
[2019.01.09-15.51.34:114][  0]LogInit: Setting process to per monitor DPI aware
[2019.01.09-15.51.34:161][  0]LogSlate: New Slate User Created.  User Index 0, Is Virtual User: 0
[2019.01.09-15.51.34:161][  0]LogSlate: Slate User Registered.  User Index 0, Is Virtual User: 0
[2019.01.09-15.51.34:368][  0]LogHMD: Failed to initialize OpenVR with code 110
[2019.01.09-15.51.34:368][  0]LogD3D11RHI: D3D11 adapters:
[2019.01.09-15.51.34:423][  0]LogD3D11RHI:    0. 'Radeon RX Vega M GH Graphics' (Feature Level 11_0)
[2019.01.09-15.51.34:423][  0]LogD3D11RHI:       4042/0/8151 MB DedicatedVideo/DedicatedSystem/SharedSystem, Outputs:2, VendorId:0x1002
[2019.01.09-15.51.34:436][  0]LogD3D11RHI:    1. 'Intel(R) HD Graphics 630' (Feature Level 11_0)
[2019.01.09-15.51.34:436][  0]LogD3D11RHI:       128/0/8151 MB DedicatedVideo/DedicatedSystem/SharedSystem, Outputs:0, VendorId:0x8086
[2019.01.09-15.51.34:438][  0]LogD3D11RHI:    2. 'Microsoft Basic Render Driver' (Feature Level 11_0)
[2019.01.09-15.51.34:438][  0]LogD3D11RHI:       0/0/8151 MB DedicatedVideo/DedicatedSystem/SharedSystem, Outputs:0, VendorId:0x1414
[2019.01.09-15.51.34:438][  0]LogD3D11RHI: Chosen D3D11 Adapter: 0
[2019.01.09-15.51.34:447][  0]LogD3D11RHI: Creating new Direct3DDevice
[2019.01.09-15.51.34:447][  0]LogD3D11RHI:     GPU DeviceId: 0x694c (for the marketing name, search the web for "GPU Device Id")
[2019.01.09-15.51.34:447][  0]LogWindows: EnumDisplayDevices:
[2019.01.09-15.51.34:447][  0]LogWindows:    0. 'Radeon RX Vega M GH Graphics' (P:1 D:1)
[2019.01.09-15.51.34:447][  0]LogWindows:    1. 'Radeon RX Vega M GH Graphics' (P:0 D:1)
[2019.01.09-15.51.34:447][  0]LogWindows:    2. 'Radeon RX Vega M GH Graphics' (P:0 D:0)
[2019.01.09-15.51.34:448][  0]LogWindows:    3. 'Radeon RX Vega M GH Graphics' (P:0 D:0)
[2019.01.09-15.51.34:448][  0]LogWindows:    4. 'Radeon RX Vega M GH Graphics' (P:0 D:0)
[2019.01.09-15.51.34:448][  0]LogWindows:    5. 'Radeon RX Vega M GH Graphics' (P:0 D:0)
[2019.01.09-15.51.34:448][  0]LogWindows:    6. 'Radeon RX Vega M GH Graphics' (P:0 D:0)
[2019.01.09-15.51.34:449][  0]LogWindows:    7. 'Intel(R) HD Graphics 630' (P:0 D:0)
[2019.01.09-15.51.34:449][  0]LogWindows:    8. 'Intel(R) HD Graphics 630' (P:0 D:0)
[2019.01.09-15.51.34:449][  0]LogWindows: DebugString: PrimaryIsNotTheChoosenAdapter PrimaryIsNotTheChoosenAdapter FoundDriverCount:7 
[2019.01.09-15.51.34:449][  0]LogD3D11RHI:     Adapter Name: Radeon RX Vega M GH Graphics
[2019.01.09-15.51.34:449][  0]LogD3D11RHI:   Driver Version: Adrenalin 18.9.1 (internal:24.20.11026.2001, unified:24.20.11026.2001)
[2019.01.09-15.51.34:449][  0]LogD3D11RHI:      Driver Date: 8-30-2018
[2019.01.09-15.51.34:449][  0]LogRHI: Texture pool is 2829 MB (70% of 4042 MB)
[2019.01.09-15.51.34:547][  0]LogD3D11RHI: Async texture creation enabled
[2019.01.09-15.51.34:558][  0]LogD3D11RHI: GPU Timing Frequency: 25.000000 (Debug: 2 1)
[2019.01.09-15.51.34:560][  0]LogShaderCompilers: Guid format shader working directory is -35 characters bigger than the processId version (../../../../../../Users/u1047856/Documents/GitHub/LS_AssetPipeline/LS_AssetPipeline/Intermediate/Shaders/WorkingDirectory/18336/).
[2019.01.09-15.51.34:560][  0]LogShaderCompilers: Cleaned the shader compiler working directory 'C:/Users/u1047856/AppData/Local/Temp/UnrealShaderWorkingDir/4A57227F4DBB2188C8BE87A941322566/'.
[2019.01.09-15.51.34:822][  0]LogTemp: Display: Loaded TP AllDesktopTargetPlatform
[2019.01.09-15.51.34:836][  0]LogTemp: Display: Loaded TP MacClientTargetPlatform
[2019.01.09-15.51.34:851][  0]LogTemp: Display: Loaded TP MacNoEditorTargetPlatform
[2019.01.09-15.51.34:864][  0]LogTemp: Display: Loaded TP MacServerTargetPlatform
[2019.01.09-15.51.34:878][  0]LogTemp: Display: Loaded TP MacTargetPlatform
[2019.01.09-15.51.34:890][  0]LogTemp: Display: Loaded TP WindowsClientTargetPlatform
[2019.01.09-15.51.34:902][  0]LogTemp: Display: Loaded TP WindowsNoEditorTargetPlatform
[2019.01.09-15.51.34:913][  0]LogTemp: Display: Loaded TP WindowsServerTargetPlatform
[2019.01.09-15.51.34:919][  0]LogTemp: Display: Loaded TP WindowsTargetPlatform
[2019.01.09-15.51.34:986][  0]LogTemp: Display: Loaded TP AndroidTargetPlatform
[2019.01.09-15.51.34:986][  0]LogTemp: Display: Loaded TP AndroidTargetPlatform
[2019.01.09-15.51.34:986][  0]LogTemp: Display: Loaded TP AndroidTargetPlatform
[2019.01.09-15.51.34:986][  0]LogTemp: Display: Loaded TP AndroidTargetPlatform
[2019.01.09-15.51.34:986][  0]LogTemp: Display: Loaded TP AndroidTargetPlatform
[2019.01.09-15.51.34:986][  0]LogTemp: Display: Loaded TP AndroidTargetPlatform
[2019.01.09-15.51.34:986][  0]LogTemp: Display: Loaded TP AndroidTargetPlatform
[2019.01.09-15.51.34:986][  0]LogTemp: Display: Loaded TP AndroidTargetPlatform
[2019.01.09-15.51.34:986][  0]LogTemp: Display: Loaded TP AndroidTargetPlatform
[2019.01.09-15.51.34:986][  0]LogTemp: Display: Loaded TP AndroidTargetPlatform
[2019.01.09-15.51.34:986][  0]LogTemp: Display: Loaded TP AndroidTargetPlatform
[2019.01.09-15.51.34:986][  0]LogTemp: Display: Loaded TP AndroidTargetPlatform
[2019.01.09-15.51.34:986][  0]LogTemp: Display: Loaded TP AndroidTargetPlatform
[2019.01.09-15.51.34:986][  0]LogTemp: Display: Loaded TP AndroidTargetPlatform
[2019.01.09-15.51.34:986][  0]LogTemp: Display: Loaded TP AndroidTargetPlatform
[2019.01.09-15.51.34:986][  0]LogTemp: Display: Loaded TP AndroidTargetPlatform
[2019.01.09-15.51.34:986][  0]LogTemp: Display: Loaded TP AndroidTargetPlatform
[2019.01.09-15.51.34:986][  0]LogTemp: Display: Loaded TP AndroidTargetPlatform
[2019.01.09-15.51.34:987][  0]LogTemp: Display: Loaded TP HTML5TargetPlatform
[2019.01.09-15.51.35:047][  0]LogTemp: Display: Loaded TP IOSTargetPlatform
[2019.01.09-15.51.35:047][  0]LogTemp: Display: Loaded TP IOSTargetPlatform
[2019.01.09-15.51.35:069][  0]LogTemp: Display: Loaded TP TVOSTargetPlatform
[2019.01.09-15.51.35:069][  0]LogTemp: Display: Loaded TP TVOSTargetPlatform
[2019.01.09-15.51.35:080][  0]LogTemp: Display: Loaded TP LinuxClientTargetPlatform
[2019.01.09-15.51.35:092][  0]LogTemp: Display: Loaded TP LinuxNoEditorTargetPlatform
[2019.01.09-15.51.35:102][  0]LogTemp: Display: Loaded TP LinuxServerTargetPlatform
[2019.01.09-15.51.35:115][  0]LogTemp: Display: Loaded TP LinuxTargetPlatform
[2019.01.09-15.51.35:123][  0]LogTemp: Display: Loaded TP LuminTargetPlatform
[2019.01.09-15.51.35:123][  0]LogTargetPlatformManager: Display: Building Assets For Windows
[2019.01.09-15.51.35:183][  0]LogXGEController: Cannot use XGE Controller as Incredibuild is not installed on this machine.
[2019.01.09-15.51.35:183][  0]LogShaderCompilers: Cannot use XGE Shader Compiler as Incredibuild is not installed on this machine.
[2019.01.09-15.51.35:183][  0]LogShaderCompilers: Display: Using Local Shader Compiler.
[2019.01.09-15.51.35:810][  0]LogDerivedDataCache: Display: Max Cache Size: 512 MB
[2019.01.09-15.51.35:872][  0]LogDerivedDataCache: Loaded boot cache 0.06s 87MB C:/Users/u1047856/AppData/Local/UnrealEngine/4.20/DerivedDataCache/Boot.ddc.
[2019.01.09-15.51.35:872][  0]LogDerivedDataCache: Display: Loaded Boot cache: C:/Users/u1047856/AppData/Local/UnrealEngine/4.20/DerivedDataCache/Boot.ddc
[2019.01.09-15.51.35:872][  0]LogDerivedDataCache: FDerivedDataBackendGraph:  Pak pak cache file ../../../../../../Users/u1047856/Documents/GitHub/LS_AssetPipeline/LS_AssetPipeline/DerivedDataCache/DDC.ddp not found, will not use a pak cache.
[2019.01.09-15.51.35:872][  0]LogDerivedDataCache: Unable to find inner node Pak for hierarchical cache Hierarchy.
[2019.01.09-15.51.35:872][  0]LogDerivedDataCache: FDerivedDataBackendGraph:  CompressedPak pak cache file ../../../../../../Users/u1047856/Documents/GitHub/LS_AssetPipeline/LS_AssetPipeline/DerivedDataCache/Compressed.ddp not found, will not use a pak cache.
[2019.01.09-15.51.35:872][  0]LogDerivedDataCache: Unable to find inner node CompressedPak for hierarchical cache Hierarchy.
[2019.01.09-15.51.35:884][  0]LogDerivedDataCache: Display: Pak cache opened for reading ../../../Engine/DerivedDataCache/Compressed.ddp.
[2019.01.09-15.51.35:896][  0]LogDerivedDataCache: Using Local data cache path C:/Users/u1047856/AppData/Local/UnrealEngine/Common/DerivedDataCache: Writable
[2019.01.09-15.51.35:896][  0]LogDerivedDataCache: Shared data cache path not found in *engine.ini, will not use an Shared cache.
[2019.01.09-15.51.35:896][  0]LogDerivedDataCache: Unable to find inner node Shared for hierarchical cache Hierarchy.
[2019.01.09-15.51.35:911][  0]LogMaterial: Verifying Global Shaders for PCD3D_SM5
[2019.01.09-15.51.35:912][  0]LogSlate: Using FreeType 2.6.0
[2019.01.09-15.51.35:913][  0]LogSlate: SlateFontServices - WITH_FREETYPE: 1, WITH_HARFBUZZ: 1
[2019.01.09-15.51.35:979][  0]LogAssetRegistry: FAssetRegistry took 0.0253 seconds to start up
[2019.01.09-15.51.36:288][  0]LogInit: Selected Device Profile: [Windows]
[2019.01.09-15.51.36:407][  0]LogSimplygon: Simplygon DLL not present - disabling.
[2019.01.09-15.51.36:411][  0]LogMeshReduction: Using SimplygonSwarm for distributed automatic mesh merging
[2019.01.09-15.51.36:411][  0]LogMeshReduction: Using ProxyLODMeshReduction for automatic mesh merging
[2019.01.09-15.51.36:411][  0]LogMeshReduction: Using QuadricMeshReduction for automatic static mesh reduction
[2019.01.09-15.51.36:411][  0]LogMeshReduction: No automatic skeletal mesh reduction module available
[2019.01.09-15.51.36:428][  0]LogNetVersion: LS_AssetPipeline 1.0.0, NetCL: 4212847, EngineNetVer: 5, GameNetVer: 0 (Checksum: 1032926327)
[2019.01.09-15.51.36:947][  0]LogPackageLocalizationCache: Processed 11 localized package path(s) for 2 prioritized culture(s) in 0.099203 seconds
[2019.01.09-15.51.36:956][  0]LogUObjectArray: 38425 objects as part of root set at end of initial load.
[2019.01.09-15.51.36:956][  0]LogUObjectAllocator: 6690864 out of 0 bytes used by permanent object pool.
[2019.01.09-15.51.36:956][  0]LogUObjectArray: CloseDisregardForGC: 0/0 objects in disregard for GC pool
[2019.01.09-15.51.37:753][  0]LogTcpMessaging: Initializing TcpMessaging bridge
[2019.01.09-15.51.37:776][  0]LogUdpMessaging: Initializing bridge on interface 0.0.0.0:0 to multicast group 230.0.0.1:6666.
[2019.01.09-15.51.37:910][  0]SourceControl: Source control is disabled
[2019.01.09-15.51.37:910][  0]SourceControl: Source control is disabled
[2019.01.09-15.51.37:911][  0]SourceControl: Source control is disabled
[2019.01.09-15.51.37:912][  0]SourceControl: Source control is disabled
[2019.01.09-15.51.38:067][  0]LogAndroidPermission: UAndroidPermissionCallbackProxy::GetInstance
[2019.01.09-15.51.38:152][  0]LogOcInput: OculusInput pre-init called
[2019.01.09-15.51.38:206][  0]LogEngine: Initializing Engine...
[2019.01.09-15.51.38:207][  0]LogHMD: Failed to initialize OpenVR with code 110
[2019.01.09-15.51.38:208][  0]LogStats: UGameplayTagsManager::ConstructGameplayTagTree: ImportINI prefixes -  0.000 s
[2019.01.09-15.51.38:208][  0]LogStats: UGameplayTagsManager::ConstructGameplayTagTree: Construct from data asset -  0.000 s
[2019.01.09-15.51.38:208][  0]LogStats: UGameplayTagsManager::ConstructGameplayTagTree: ImportINI -  0.000 s
[2019.01.09-15.51.38:208][  0]LogStats: UGameplayTagsManager::ConstructGameplayTagTree: GameplayTagTreeChangedEvent.Broadcast -  0.000 s
[2019.01.09-15.51.38:397][  0]LogInit: Initializing FReadOnlyCVARCache
[2019.01.09-15.51.38:412][  0]LogAIModule: Creating AISystem for world Untitled
[2019.01.09-15.51.38:442][  0]LogInit: XAudio2 using '4 - CintiqPro24P (AMD High Definition Audio Device)' : 2 channels at 48 kHz using 16 bits per sample (channel mask 0x3)
[2019.01.09-15.51.38:465][  0]LogInit: FAudioDevice initialized.
[2019.01.09-15.51.38:465][  0]LogNetVersion: Set ProjectVersion to 1.0.0.0. Version Checksum will be recalculated on next use.
[2019.01.09-15.51.38:552][  0]LogDerivedDataCache: Saved boot cache 0.09s 87MB C:/Users/u1047856/AppData/Local/UnrealEngine/4.20/DerivedDataCache/Boot.ddc.
[2019.01.09-15.51.38:572][  0]LogInit: Texture streaming: Enabled
[2019.01.09-15.51.38:595][  0]LogEngineSessionManager: EngineSessionManager initialized
[2019.01.09-15.51.38:617][  0]LogInit: Transaction tracking system initialized
[2019.01.09-15.51.38:643][  0]BlueprintLog: New page: Editor Load
[2019.01.09-15.51.38:771][  0]LocalizationService: Localization service is disabled
[2019.01.09-15.51.39:016][  0]LogFileCache: Scanning file cache for directory 'C:/Users/u1047856/Documents/GitHub/LS_AssetPipeline/LS_AssetPipeline/Content/' took 0.01s
[2019.01.09-15.51.39:016][  0]LogCook: Display: Max memory allowance for cook 16384mb min free memory 0mb
[2019.01.09-15.51.39:016][  0]LogCook: Display: Mobile HDR setting 1
[2019.01.09-15.51.39:017][  0]LogGameplayTags: Display: UGameplayTagsManager::DoneAddingNativeTags. DelegateIsBound: 0
[2019.01.09-15.51.39:017][  0]LogStats: UGameplayTagsManager::ConstructGameplayTagTree: ImportINI prefixes -  0.000 s
[2019.01.09-15.51.39:017][  0]LogStats: UGameplayTagsManager::ConstructGameplayTagTree: Construct from data asset -  0.000 s
[2019.01.09-15.51.39:017][  0]LogStats: UGameplayTagsManager::ConstructGameplayTagTree: ImportINI -  0.000 s
[2019.01.09-15.51.39:017][  0]LogStats: UGameplayTagsManager::ConstructGameplayTagTree: GameplayTagTreeChangedEvent.Broadcast -  0.000 s
[2019.01.09-15.51.39:141][  0]SourceControl: Source control is disabled
[2019.01.09-15.51.39:141][  0]Cmd: MAP LOAD FILE="../../../Engine/Content/Maps/Templates/Template_Default.umap" TEMPLATE=1 SHOWPROGRESS=1 FEATURELEVEL=3
[2019.01.09-15.51.39:142][  0]LightingResults: New page: Lighting Build
[2019.01.09-15.51.39:145][  0]MapCheck: New page: Map Check
[2019.01.09-15.51.39:145][  0]LightingResults: New page: Lighting Build
[2019.01.09-15.51.39:329][  0]LogAIModule: Creating AISystem for world Untitled_1
[2019.01.09-15.51.39:336][  0]LogEditorServer: Finished looking for orphan Actors (0.000 secs)
[2019.01.09-15.51.39:356][  0]Cmd: MAP CHECKDEP NOCLEARLOG
[2019.01.09-15.51.39:413][  0]MapCheck: Map check complete: 0 Error(s), 0 Warning(s), took 57.762ms to complete.
[2019.01.09-15.51.39:413][  0]LogFileHelpers: Loading map 'Template_Default' took 0.272
[2019.01.09-15.51.39:575][  0]LogSlate: Updating window title bar state: overlay mode, drag disabled, window buttons hidden, title bar hidden
[2019.01.09-15.51.39:585][  0]LogSlate: Updating window title bar state: overlay mode, drag disabled, window buttons hidden, title bar hidden
[2019.01.09-15.51.39:592][  0]LogSlate: Updating window title bar state: overlay mode, drag disabled, window buttons hidden, title bar hidden
[2019.01.09-15.51.39:598][  0]LogSlate: Updating window title bar state: overlay mode, drag disabled, window buttons hidden, title bar hidden
[2019.01.09-15.51.39:618][  0]LogCollectionManager: Loaded 0 collections in 0.001902 seconds
[2019.01.09-15.51.39:688][  0]LogFileCache: Scanning file cache for directory 'C:/Users/u1047856/Documents/GitHub/LS_AssetPipeline/LS_AssetPipeline/Saved/Collections/' took 0.01s
[2019.01.09-15.51.39:688][  0]LogFileCache: Scanning file cache for directory 'C:/Users/u1047856/Documents/GitHub/LS_AssetPipeline/LS_AssetPipeline/Content/Developers/u1047856/Collections/' took 0.01s
[2019.01.09-15.51.39:688][  0]LogFileCache: Scanning file cache for directory 'C:/Users/u1047856/Documents/GitHub/LS_AssetPipeline/LS_AssetPipeline/Content/Collections/' took 0.01s
[2019.01.09-15.51.39:688][  0]LogCollectionManager: Rebuilt the GUID cache for 0 collections in 0.000001 seconds
[2019.01.09-15.51.39:699][  0]LogContentBrowser: Native class hierarchy populated in 0.0094 seconds. Added 2572 classes and 603 folders.
[2019.01.09-15.51.39:718][  0]LogContentBrowser: Native class hierarchy updated for 'WidgetCarousel' in 0.0003 seconds. Added 0 classes and 0 folders.
[2019.01.09-15.51.40:103][  0]LogContentBrowser: Native class hierarchy updated for 'AddContentDialog' in 0.0002 seconds. Added 0 classes and 0 folders.
[2019.01.09-15.51.40:119][  0]LogContentBrowser: Native class hierarchy updated for 'SceneOutliner' in 0.0003 seconds. Added 1 classes and 2 folders.
[2019.01.09-15.51.40:195][  0]LogSlate: Took 0.000209 seconds to synchronously load lazily loaded font '../../../Engine/Content/Slate/Fonts/Roboto-Regular.ttf' (155K)
[2019.01.09-15.51.40:197][  0]LogSlate: Took 0.000149 seconds to synchronously load lazily loaded font '../../../Engine/Content/Slate/Fonts/Roboto-Bold.ttf' (160K)
[2019.01.09-15.51.40:211][  0]LogSlate: Took 0.006691 seconds to synchronously load lazily loaded font '../../../Engine/Content/Editor/Slate/Fonts/FontAwesome.ttf' (139K)
[2019.01.09-15.51.40:324][  0]LogRenderer: Reallocating scene render targets to support 1208x576 Format 10 NumSamples 1 (Frame:1).
[2019.01.09-15.51.40:616][  0]LogSlate: FSceneViewport::OnFocusLost() reason 2
[2019.01.09-15.51.40:630][  0]LogSlate: Window 'Tutorials' being destroyed
[2019.01.09-15.51.40:662][  0]LogContentBrowser: Native class hierarchy updated for 'HierarchicalLODOutliner' in 0.0002 seconds. Added 0 classes and 0 folders.
[2019.01.09-15.51.40:662][  0]LogLoad: (Engine Initialization) Total time: 8.69 seconds
[2019.01.09-15.51.40:662][  0]LogLoad: (Engine Initialization) Total Blueprint compile time: 0.00 seconds
[2019.01.09-15.51.40:674][  0]LogWindowsTextInputMethodSystem: Display: IME system now deactivated.
[2019.01.09-15.51.40:700][  0]LogAssetRegistry: Asset discovery search completed in 4.7439 seconds
[2019.01.09-15.51.40:701][  0]LogCollectionManager: Rebuilt the object cache for 0 collections in 0.000001 seconds (found 0 objects)
[2019.01.09-15.51.40:702][  0]LogCollectionManager: Fixed up redirectors for 0 collections in 0.000068 seconds (updated 0 objects)
[2019.01.09-15.51.40:705][  0]LogContentStreaming: Texture pool size now 1000 MB
[2019.01.09-15.51.47:239][772]LogSlate: FSceneViewport::OnFocusLost() reason 0
[2019.01.09-15.51.47:416][786]LogActorFactory: Actor Factory created Cube
[2019.01.09-15.51.47:839][831]LogActorFactory: Actor Factory created Cube
[2019.01.09-15.52.08:651][251]LogSlate: FSceneViewport::OnFocusLost() reason 0
[2019.01.09-15.52.08:780][264]LogActorFactory: Actor Factory created Sphere
[2019.01.09-15.52.11:894][626]LogActorFactory: Actor Factory created Sphere
[2019.01.09-15.52.34:038][157]LogSlate: FSceneViewport::OnFocusLost() reason 0
[2019.01.09-15.52.34:202][174]LogActorFactory: Actor Factory created Cylinder
[2019.01.09-15.52.35:906][369]LogActorFactory: Actor Factory created Cylinder
[2019.01.09-15.52.45:000][384]LogEditorViewport: Clicking on Actor (LMB): StaticMeshActor (Sphere)
[2019.01.09-15.52.51:228][ 87]LogEditorViewport: Clicking on Actor (LMB): StaticMeshActor (Cylinder)
[2019.01.09-15.52.53:807][346]LogSlate: FSceneViewport::OnFocusLost() reason 2
[2019.01.09-15.52.54:860][467]LogSlate: Took 0.000219 seconds to synchronously load lazily loaded font '../../../Engine/Content/Slate/Fonts/Roboto-Light.ttf' (167K)
[2019.01.09-15.52.54:863][467]LogSlate: FSceneViewport::OnFocusLost() reason 2
[2019.01.09-15.53.18:379][467]LogSlate: Window 'Save Level As' being destroyed
[2019.01.09-15.53.18:508][467]LogSavePackage: Moving '../../../../../../Users/u1047856/Documents/GitHub/LS_AssetPipeline/LS_AssetPipeline/Saved/LS_AssetPipeline8EB6D2C74CFCA9490E816291081962BD.tmp' to '../../../../../../Users/u1047856/Documents/GitHub/LS_AssetPipeline/LS_AssetPipeline/Content/LS_AssetPipeline.umap'
[2019.01.09-15.53.18:535][467]LogFileHelpers: Saving map 'LS_AssetPipeline' took 0.149
